This is XeTeX, Version 3.141592653-2.6-0.999997 (MiKTeX 25.4) (preloaded format=xelatex 2025.9.29)  6 DEC 2025 16:17
entering extended mode
 restricted \write18 enabled.
 %&-line parsing enabled.
**./thesis.tex
(thesis.tex
LaTeX2e <2025-06-01> patch level 1
L3 programming layer <2025-09-02>
(C:\Users\Firoozeh\AppData\Local\Programs\MiKTeX\tex/latex/base\book.cls
Document Class: book 2025/01/22 v1.4n Standard LaTeX document class
(C:\Users\Firoozeh\AppData\Local\Programs\MiKTeX\tex/latex/base\bk12.clo
File: bk12.clo 2025/01/22 v1.4n Standard LaTeX file (size option)
)
\c@part=\count271
\c@chapter=\count272
\c@section=\count273
\c@subsection=\count274
\c@subsubsection=\count275
\c@paragraph=\count276
\c@subparagraph=\count277
\c@figure=\count278
\c@table=\count279
\abovecaptionskip=\skip49
\belowcaptionskip=\skip50
\bibindent=\dimen148
)
(styles/common.tex
(C:\Users\Firoozeh\AppData\Local\Programs\MiKTeX\tex/latex/amsfonts\amssymb.sty
Package: amssymb 2013/01/14 v3.01 AMS font symbols

(C:\Users\Firoozeh\AppData\Local\Programs\MiKTeX\tex/latex/amsfonts\amsfonts.st
y
Package: amsfonts 2013/01/14 v3.01 Basic AMSFonts support
\@emptytoks=\toks17
\symAMSa=\mathgroup4
\symAMSb=\mathgroup5
LaTeX Font Info:    Redeclaring math symbol \hbar on input line 98.
LaTeX Font Info:    Overwriting math alphabet `\mathfrak' in version `bold'
(Font)                  U/euf/m/n --> U/euf/b/n on input line 106.
))
(C:\Users\Firoozeh\AppData\Local\Programs\MiKTeX\tex/latex/amsmath\amsmath.sty
Package: amsmath 2025/06/16 v2.17y AMS math features
\@mathmargin=\skip51

For additional information on amsmath, use the `?' option.
(C:\Users\Firoozeh\AppData\Local\Programs\MiKTeX\tex/latex/amsmath\amstext.sty
Package: amstext 2024/11/17 v2.01 AMS text

(C:\Users\Firoozeh\AppData\Local\Programs\MiKTeX\tex/latex/amsmath\amsgen.sty
File: amsgen.sty 1999/11/30 v2.0 generic functions
\@emptytoks=\toks18
\ex@=\dimen149
)) (C:\Users\Firoozeh\AppData\Local\Programs\MiKTeX\tex/latex/amsmath\amsbsy.st
y
Package: amsbsy 1999/11/29 v1.2d Bold Symbols
\pmbraise@=\dimen150
) (C:\Users\Firoozeh\AppData\Local\Programs\MiKTeX\tex/latex/amsmath\amsopn.sty
Package: amsopn 2022/04/08 v2.04 operator names
)
\inf@bad=\count280
LaTeX Info: Redefining \frac on input line 233.
\uproot@=\count281
\leftroot@=\count282
LaTeX Info: Redefining \overline on input line 398.
LaTeX Info: Redefining \colon on input line 409.
\classnum@=\count283
\DOTSCASE@=\count284
LaTeX Info: Redefining \ldots on input line 495.
LaTeX Info: Redefining \dots on input line 498.
LaTeX Info: Redefining \cdots on input line 619.
\Mathstrutbox@=\box53
\strutbox@=\box54
LaTeX Info: Redefining \big on input line 721.
LaTeX Info: Redefining \Big on input line 722.
LaTeX Info: Redefining \bigg on input line 723.
LaTeX Info: Redefining \Bigg on input line 724.
\big@size=\dimen151
LaTeX Font Info:    Redeclaring font encoding OML on input line 742.
LaTeX Font Info:    Redeclaring font encoding OMS on input line 743.
\macc@depth=\count285
LaTeX Info: Redefining \bmod on input line 904.
LaTeX Info: Redefining \pmod on input line 909.
LaTeX Info: Redefining \smash on input line 939.
LaTeX Info: Redefining \relbar on input line 969.
LaTeX Info: Redefining \Relbar on input line 970.
\c@MaxMatrixCols=\count286
\dotsspace@=\muskip17
\c@parentequation=\count287
\dspbrk@lvl=\count288
\tag@help=\toks19
\row@=\count289
\column@=\count290
\maxfields@=\count291
\andhelp@=\toks20
\eqnshift@=\dimen152
\alignsep@=\dimen153
\tagshift@=\dimen154
\tagwidth@=\dimen155
\totwidth@=\dimen156
\lineht@=\dimen157
\@envbody=\toks21
\multlinegap=\skip52
\multlinetaggap=\skip53
\mathdisplay@stack=\toks22
LaTeX Info: Redefining \[ on input line 2949.
LaTeX Info: Redefining \] on input line 2950.
)
(C:\Users\Firoozeh\AppData\Local\Programs\MiKTeX\tex/latex/hyperref\hyperref.st
y
Package: hyperref 2025-07-12 v7.01o Hypertext links for LaTeX
 (C:\Users\Firoozeh\AppData\Local\Programs\MiKTeX\tex/generic/iftex\iftex.sty
Package: iftex 2024/12/12 v1.0g TeX engine tests
) (C:\Users\Firoozeh\AppData\Local\Programs\MiKTeX\tex/latex/graphics\keyval.st
y
Package: keyval 2022/05/29 v1.15 key=value parser (DPC)
\KV@toks@=\toks23
)
(C:\Users\Firoozeh\AppData\Local\Programs\MiKTeX\tex/latex/kvsetkeys\kvsetkeys.
sty
Package: kvsetkeys 2022-10-05 v1.19 Key value parser (HO)
)
(C:\Users\Firoozeh\AppData\Local\Programs\MiKTeX\tex/generic/kvdefinekeys\kvdef
inekeys.sty
Package: kvdefinekeys 2019-12-19 v1.6 Define keys (HO)
)
(C:\Users\Firoozeh\AppData\Local\Programs\MiKTeX\tex/generic/pdfescape\pdfescap
e.sty
Package: pdfescape 2019/12/09 v1.15 Implements pdfTeX's escape features (HO)

(C:\Users\Firoozeh\AppData\Local\Programs\MiKTeX\tex/generic/ltxcmds\ltxcmds.st
y
Package: ltxcmds 2023-12-04 v1.26 LaTeX kernel commands for general use (HO)
)
(C:\Users\Firoozeh\AppData\Local\Programs\MiKTeX\tex/generic/pdftexcmds\pdftexc
mds.sty
Package: pdftexcmds 2020-06-27 v0.33 Utility functions of pdfTeX for LuaTeX (HO
)

(C:\Users\Firoozeh\AppData\Local\Programs\MiKTeX\tex/generic/infwarerr\infwarer
r.sty
Package: infwarerr 2019/12/03 v1.5 Providing info/warning/error messages (HO)
)
Package pdftexcmds Info: \pdf@primitive is available.
Package pdftexcmds Info: \pdf@ifprimitive is available.
Package pdftexcmds Info: \pdfdraftmode not found.
))
(C:\Users\Firoozeh\AppData\Local\Programs\MiKTeX\tex/latex/hycolor\hycolor.sty
Package: hycolor 2020-01-27 v1.10 Color options for hyperref/bookmark (HO)
)
(C:\Users\Firoozeh\AppData\Local\Programs\MiKTeX\tex/latex/hyperref\nameref.sty
Package: nameref 2025-06-21 v2.57 Cross-referencing by name of section

(C:\Users\Firoozeh\AppData\Local\Programs\MiKTeX\tex/latex/refcount\refcount.st
y
Package: refcount 2019/12/15 v3.6 Data extraction from label references (HO)
)
(C:\Users\Firoozeh\AppData\Local\Programs\MiKTeX\tex/generic/gettitlestring\get
titlestring.sty
Package: gettitlestring 2019/12/15 v1.6 Cleanup title references (HO)

(C:\Users\Firoozeh\AppData\Local\Programs\MiKTeX\tex/latex/kvoptions\kvoptions.
sty
Package: kvoptions 2022-06-15 v3.15 Key value format for package options (HO)
))
\c@section@level=\count292
)
(C:\Users\Firoozeh\AppData\Local\Programs\MiKTeX\tex/latex/etoolbox\etoolbox.st
y
Package: etoolbox 2025/02/11 v2.5l e-TeX tools for LaTeX (JAW)
\etb@tempcnta=\count293
)
(C:\Users\Firoozeh\AppData\Local\Programs\MiKTeX\tex/generic/stringenc\stringen
c.sty
Package: stringenc 2019/11/29 v1.12 Convert strings between diff. encodings (HO
)
)
\@linkdim=\dimen158
\Hy@linkcounter=\count294
\Hy@pagecounter=\count295

(C:\Users\Firoozeh\AppData\Local\Programs\MiKTeX\tex/latex/hyperref\pd1enc.def
File: pd1enc.def 2025-07-12 v7.01o Hyperref: PDFDocEncoding definition (HO)
)
(C:\Users\Firoozeh\AppData\Local\Programs\MiKTeX\tex/generic/intcalc\intcalc.st
y
Package: intcalc 2019/12/15 v1.3 Expandable calculations with integers (HO)
)
\Hy@SavedSpaceFactor=\count296

(C:\Users\Firoozeh\AppData\Local\Programs\MiKTeX\tex/latex/hyperref\puenc.def
File: puenc.def 2025-07-12 v7.01o Hyperref: PDF Unicode definition (HO)
)
Package hyperref Info: Option `colorlinks' set `true' on input line 4066.
Package hyperref Info: Hyper figures OFF on input line 4195.
Package hyperref Info: Link nesting OFF on input line 4200.
Package hyperref Info: Hyper index ON on input line 4203.
Package hyperref Info: Plain pages OFF on input line 4210.
Package hyperref Info: Backreferencing OFF on input line 4215.
Package hyperref Info: Implicit mode ON; LaTeX internals redefined.
Package hyperref Info: Bookmarks ON on input line 4462.
\c@Hy@tempcnt=\count297

(C:\Users\Firoozeh\AppData\Local\Programs\MiKTeX\tex/latex/url\url.sty
\Urlmuskip=\muskip18
Package: url 2013/09/16  ver 3.4  Verb mode for urls, etc.
)
LaTeX Info: Redefining \url on input line 4801.
\XeTeXLinkMargin=\dimen159

(C:\Users\Firoozeh\AppData\Local\Programs\MiKTeX\tex/generic/bitset\bitset.sty
Package: bitset 2019/12/09 v1.3 Handle bit-vector datatype (HO)

(C:\Users\Firoozeh\AppData\Local\Programs\MiKTeX\tex/generic/bigintcalc\bigintc
alc.sty
Package: bigintcalc 2019/12/15 v1.5 Expandable calculations on big integers (HO
)
))
\Fld@menulength=\count298
\Field@Width=\dimen160
\Fld@charsize=\dimen161
Package hyperref Info: Hyper figures OFF on input line 6078.
Package hyperref Info: Link nesting OFF on input line 6083.
Package hyperref Info: Hyper index ON on input line 6086.
Package hyperref Info: backreferencing OFF on input line 6093.
Package hyperref Info: Link coloring ON on input line 6096.
Package hyperref Info: Link coloring with OCG OFF on input line 6103.
Package hyperref Info: PDF/A mode OFF on input line 6108.
\Hy@abspage=\count299
\c@Item=\count300
\c@Hfootnote=\count301
)
Package hyperref Info: Driver (autodetected): hxetex.

(C:\Users\Firoozeh\AppData\Local\Programs\MiKTeX\tex/latex/hyperref\hxetex.def
File: hxetex.def 2025-07-12 v7.01o Hyperref driver for XeTeX
\pdfm@box=\box55
\c@Hy@AnnotLevel=\count302
\HyField@AnnotCount=\count303
\Fld@listcount=\count304
\c@bookmark@seq@number=\count305

(C:\Users\Firoozeh\AppData\Local\Programs\MiKTeX\tex/latex/rerunfilecheck\rerun
filecheck.sty
Package: rerunfilecheck 2025-06-21 v1.11 Rerun checks for auxiliary files (HO)

(C:\Users\Firoozeh\AppData\Local\Programs\MiKTeX\tex/generic/uniquecounter\uniq
uecounter.sty
Package: uniquecounter 2019/12/15 v1.4 Provide unlimited unique counter (HO)
)
Package uniquecounter Info: New unique counter `rerunfilecheck' on input line 2
84.
)
\Hy@SectionHShift=\skip54
)
(C:\Users\Firoozeh\AppData\Local\Programs\MiKTeX\tex/latex/pstricks\pstricks.st
y
Package: pstricks 2024/02/02 v0.75 LaTeX wrapper for `PSTricks' (RN,HV)
 (C:\Users\Firoozeh\AppData\Local\Programs\MiKTeX\tex/latex/xcolor\xcolor.sty
Package: xcolor 2024/09/29 v3.02 LaTeX color extensions (UK)

(C:\Users\Firoozeh\AppData\Local\Programs\MiKTeX\tex/latex/graphics-cfg\color.c
fg
File: color.cfg 2016/01/02 v1.6 sample color configuration
)

Package xcolor Warning: Package option `usenames' is obsolete and ignored on in
put line 265.

Package xcolor Info: Driver file: xetex.def on input line 274.

(C:\Users\Firoozeh\AppData\Local\Programs\MiKTeX\tex/latex/graphics-def\xetex.d
ef
File: xetex.def 2022/09/22 v5.0n Graphics/color driver for xetex
)
(C:\Users\Firoozeh\AppData\Local\Programs\MiKTeX\tex/latex/graphics\mathcolor.l
tx)
Package xcolor Info: Model `cmy' substituted by `cmy0' on input line 1349.
Package xcolor Info: Model `RGB' extended on input line 1365.
Package xcolor Info: Model `HTML' substituted by `rgb' on input line 1367.
Package xcolor Info: Model `Hsb' substituted by `hsb' on input line 1368.
Package xcolor Info: Model `tHsb' substituted by `hsb' on input line 1369.
Package xcolor Info: Model `HSB' substituted by `hsb' on input line 1370.
Package xcolor Info: Model `Gray' substituted by `gray' on input line 1371.
Package xcolor Info: Model `wave' substituted by `hsb' on input line 1372.
)
(C:\Users\Firoozeh\AppData\Local\Programs\MiKTeX\tex/latex/graphics\dvipsnam.de
f
File: dvipsnam.def 2016/06/17 v3.0m Driver-dependent file (DPC,SPQR)
)
(C:\Users\Firoozeh\AppData\Local\Programs\MiKTeX\tex/generic/xkeyval\pst-xkey.t
ex
File: pst-xkey.tex 2005/11/25 v1.6 PSTricks specialization of xkeyval (HA)

(C:\Users\Firoozeh\AppData\Local\Programs\MiKTeX\tex/latex/xkeyval\xkeyval.sty
Package: xkeyval 2022/06/16 v2.9 package option processing (HA)

(C:\Users\Firoozeh\AppData\Local\Programs\MiKTeX\tex/generic/xkeyval\xkeyval.te
x
(C:\Users\Firoozeh\AppData\Local\Programs\MiKTeX\tex/generic/xkeyval\xkvutils.t
ex
\XKV@toks=\toks24
\XKV@tempa@toks=\toks25
)
\XKV@depth=\count306
File: xkeyval.tex 2014/12/03 v2.7a key=value parser (HA)
)))
(C:\Users\Firoozeh\AppData\Local\Programs\MiKTeX\tex/generic/pstricks\pstricks.
tex
(C:\Users\Firoozeh\AppData\Local\Programs\MiKTeX\tex/generic/pstricks\pst-fp.te
x `pst-fp' v0.06, 2020/11/20 (hv)
\pstFP@xs=\count307
\pstFP@xia=\count308
\pstFP@xib=\count309
\pstFP@xfa=\count310
\pstFP@xfb=\count311
\pstFP@rega=\count312
\pstFP@regb=\count313
\pstFP@regs=\count314
\pstFP@times=\count315
)
(C:\Users\Firoozeh\AppData\Local\Programs\MiKTeX\tex/latex/pgf/utilities\pgffor
.sty
(C:\Users\Firoozeh\AppData\Local\Programs\MiKTeX\tex/latex/pgf/utilities\pgfrcs
.sty
(C:\Users\Firoozeh\AppData\Local\Programs\MiKTeX\tex/generic/pgf/utilities\pgfu
til-common.tex
\pgfutil@everybye=\toks26
\pgfutil@tempdima=\dimen162
\pgfutil@tempdimb=\dimen163
)
(C:\Users\Firoozeh\AppData\Local\Programs\MiKTeX\tex/generic/pgf/utilities\pgfu
til-latex.def
\pgfutil@abb=\box56
)
(C:\Users\Firoozeh\AppData\Local\Programs\MiKTeX\tex/generic/pgf/utilities\pgfr
cs.code.tex
(C:\Users\Firoozeh\AppData\Local\Programs\MiKTeX\tex/generic/pgf\pgf.revision.t
ex)
Package: pgfrcs 2025-08-29 v3.1.11a (3.1.11a)
))
(C:\Users\Firoozeh\AppData\Local\Programs\MiKTeX\tex/latex/pgf/utilities\pgfkey
s.sty
(C:\Users\Firoozeh\AppData\Local\Programs\MiKTeX\tex/generic/pgf/utilities\pgfk
eys.code.tex
\pgfkeys@pathtoks=\toks27
\pgfkeys@temptoks=\toks28

(C:\Users\Firoozeh\AppData\Local\Programs\MiKTeX\tex/generic/pgf/utilities\pgfk
eyslibraryfiltered.code.tex
\pgfkeys@tmptoks=\toks29
)))
(C:\Users\Firoozeh\AppData\Local\Programs\MiKTeX\tex/latex/pgf/math\pgfmath.sty

(C:\Users\Firoozeh\AppData\Local\Programs\MiKTeX\tex/generic/pgf/math\pgfmath.c
ode.tex
(C:\Users\Firoozeh\AppData\Local\Programs\MiKTeX\tex/generic/pgf/math\pgfmathut
il.code.tex
\pgf@x=\dimen164
\pgf@xa=\dimen165
\pgf@xb=\dimen166
\pgf@xc=\dimen167
\pgf@y=\dimen168
\pgf@ya=\dimen169
\pgf@yb=\dimen170
\pgf@yc=\dimen171
\c@pgf@counta=\count316
\c@pgf@countb=\count317
\c@pgf@countc=\count318
\c@pgf@countd=\count319
)
(C:\Users\Firoozeh\AppData\Local\Programs\MiKTeX\tex/generic/pgf/math\pgfmathpa
rser.code.tex
\pgfmath@dimen=\dimen172
\pgfmath@count=\count320
\pgfmath@box=\box57
\pgfmath@toks=\toks30
\pgfmath@stack@operand=\toks31
\pgfmath@stack@operation=\toks32
)
(C:\Users\Firoozeh\AppData\Local\Programs\MiKTeX\tex/generic/pgf/math\pgfmathfu
nctions.code.tex)
(C:\Users\Firoozeh\AppData\Local\Programs\MiKTeX\tex/generic/pgf/math\pgfmathfu
nctions.basic.code.tex)
(C:\Users\Firoozeh\AppData\Local\Programs\MiKTeX\tex/generic/pgf/math\pgfmathfu
nctions.trigonometric.code.tex)
(C:\Users\Firoozeh\AppData\Local\Programs\MiKTeX\tex/generic/pgf/math\pgfmathfu
nctions.random.code.tex)
(C:\Users\Firoozeh\AppData\Local\Programs\MiKTeX\tex/generic/pgf/math\pgfmathfu
nctions.comparison.code.tex)
(C:\Users\Firoozeh\AppData\Local\Programs\MiKTeX\tex/generic/pgf/math\pgfmathfu
nctions.base.code.tex)
(C:\Users\Firoozeh\AppData\Local\Programs\MiKTeX\tex/generic/pgf/math\pgfmathfu
nctions.round.code.tex)
(C:\Users\Firoozeh\AppData\Local\Programs\MiKTeX\tex/generic/pgf/math\pgfmathfu
nctions.misc.code.tex)
(C:\Users\Firoozeh\AppData\Local\Programs\MiKTeX\tex/generic/pgf/math\pgfmathfu
nctions.integerarithmetics.code.tex)
(C:\Users\Firoozeh\AppData\Local\Programs\MiKTeX\tex/generic/pgf/math\pgfmathca
lc.code.tex)
(C:\Users\Firoozeh\AppData\Local\Programs\MiKTeX\tex/generic/pgf/math\pgfmathfl
oat.code.tex
\c@pgfmathroundto@lastzeros=\count321
)))
(C:\Users\Firoozeh\AppData\Local\Programs\MiKTeX\tex/generic/pgf/utilities\pgff
or.code.tex
Package: pgffor 2025-08-29 v3.1.11a (3.1.11a)
\pgffor@iter=\dimen173
\pgffor@skip=\dimen174
\pgffor@stack=\toks33
\pgffor@toks=\toks34
))
\psLoopIndex=\count322

`PSTricks' v3.22  <2025/06/11> (tvz,hv)
\pst@dima=\dimen175
\pst@dimb=\dimen176
\pst@dimc=\dimen177
\pst@dimd=\dimen178
\pst@dimg=\dimen179
\pst@dimh=\dimen180
\pst@dimm=\dimen181
\pst@dimn=\dimen182
\pst@dimo=\dimen183
\pst@dimp=\dimen184
\pst@hbox=\box58
\pst@ibox=\box59
\pst@boxg=\box60
\pst@cnta=\count323
\pst@cntb=\count324
\pst@cntc=\count325
\pst@cntd=\count326
\pst@cntg=\count327
\pst@cnth=\count328
\pst@cntm=\count329
\pst@cntn=\count330
\pst@cnto=\count331
\pst@cntp=\count332
\@zero=\count333
\pst@toks=\toks35
--- We are running latex or xelatex ---

(C:\Users\Firoozeh\AppData\Local\Programs\MiKTeX\tex/xelatex/xetex-pstricks\pst
ricks.con
(C:\Users\Firoozeh\AppData\Local\Programs\MiKTeX\tex/generic/pstricks\xdvipdfmx
.cfg))
(C:\Users\Firoozeh\AppData\Local\Programs\MiKTeX\tex/generic/pstricks\pstricks-
color.tex)
\psunit=\dimen185
\psxunit=\dimen186
\psyunit=\dimen187
\pst@C@@rType=\count334
\pslinewidth=\dimen188
\psk@startLW=\dimen189
\psk@endLW=\dimen190

(C:\Users\Firoozeh\AppData\Local\Programs\MiKTeX\tex/generic/pstricks\pstricks-
arrows.tex
\pshooklength=\dimen191
\pshookwidth=\dimen192
)
\pst@customdefs=\toks36

(C:\Users\Firoozeh\AppData\Local\Programs\MiKTeX\tex/generic/pstricks\pstricks-
dots.tex)
\pslinearc=\dimen193
\pst@symbolStep=\dimen194
\pst@symbolWidth=\dimen195
\pst@symbolLinewidth=\dimen196

(C:\Users\Firoozeh\AppData\Local\Programs\MiKTeX\tex/generic/pstricks\pst-code-
grid.tex)
(C:\Users\Firoozeh\AppData\Local\Programs\MiKTeX\tex/generic/pstricks\pst-code-
box.tex
\everypsbox=\toks37
\psframesep=\dimen197
)
(C:\Users\Firoozeh\AppData\Local\Programs\MiKTeX\tex/generic/pstricks\pst-code-
arc.tex)
(C:\Users\Firoozeh\AppData\Local\Programs\MiKTeX\tex/generic/pstricks\pst-code-
circle_ellipse.tex)
(C:\Users\Firoozeh\AppData\Local\Programs\MiKTeX\tex/generic/pstricks\pst-code-
ref_rot.tex)
(C:\Users\Firoozeh\AppData\Local\Programs\MiKTeX\tex/generic/pstricks\pst-code-
put.tex
\pslabelsep=\dimen198
)
(C:\Users\Firoozeh\AppData\Local\Programs\MiKTeX\tex/generic/pstricks\pst-code-
pspicture.tex
\sh@wgridXunit=\dimen199
\sh@wgridYunit=\dimen256
\pst@shift=\dimen257
\ps@imagectr=\count335
)
(C:\Users\Firoozeh\AppData\Local\Programs\MiKTeX\tex/xelatex/xetex-pstricks\pst
ricks.con
(C:\Users\Firoozeh\AppData\Local\Programs\MiKTeX\tex/generic/pstricks\xdvipdfmx
.cfg
Using PSTricks configuration for LaTeX+dvipdfmx
)))
File: pstricks.tex 2025/06/11 v3.22 `PSTricks' (tvz,hv)

(C:\Users\Firoozeh\AppData\Local\Programs\MiKTeX\tex/generic/pstricks\pst-fp.te
x `pst-fp' v0.06, 2020/11/20 (hv))
File: pst-fp.tex 2020/11/20 v0.06 `PST-fp' (hv)

>>> Loading XeTeX special macros

(C:\Users\Firoozeh\AppData\Local\Programs\MiKTeX\tex/generic/pstricks\pstricks-
xetex.def))
(C:\Users\Firoozeh\AppData\Local\Programs\MiKTeX\tex/latex/graphics\graphicx.st
y
Package: graphicx 2024/12/31 v1.2e Enhanced LaTeX Graphics (DPC,SPQR)

(C:\Users\Firoozeh\AppData\Local\Programs\MiKTeX\tex/latex/graphics\graphics.st
y
Package: graphics 2024/08/06 v1.4g Standard LaTeX Graphics (DPC,SPQR)
 (C:\Users\Firoozeh\AppData\Local\Programs\MiKTeX\tex/latex/graphics\trig.sty
Package: trig 2023/12/02 v1.11 sin cos tan (DPC)
)
(C:\Users\Firoozeh\AppData\Local\Programs\MiKTeX\tex/latex/graphics-cfg\graphic
s.cfg
File: graphics.cfg 2016/06/04 v1.11 sample graphics configuration
)
Package graphics Info: Driver file: xetex.def on input line 106.
)
\Gin@req@height=\dimen258
\Gin@req@width=\dimen259
)
(C:\Users\Firoozeh\AppData\Local\Programs\MiKTeX\tex/latex/subfigure\subfigure.
sty
Package: subfigure 2002/07/30 v2.1.4 subfigure package
\subfigtopskip=\skip55
\subfigcapskip=\skip56
\subfigcaptopadj=\dimen260
\subfigbottomskip=\skip57
\subfigcapmargin=\dimen261
\subfiglabelskip=\skip58
\c@subfigure=\count336
\c@lofdepth=\count337
\c@subtable=\count338
\c@lotdepth=\count339

****************************************
* Local config file subfigure.cfg used *
****************************************

(C:\Users\Firoozeh\AppData\Local\Programs\MiKTeX\tex/latex/subfigure\subfigure.
cfg)
\subfig@top=\skip59
\subfig@bottom=\skip60
)
(C:\Users\Firoozeh\AppData\Local\Programs\MiKTeX\tex/latex/wrapfig\wrapfig.sty
\wrapoverhang=\dimen262
\WF@size=\dimen263
\c@WF@wrappedlines=\count340
\WF@box=\box61
\WF@everypar=\toks38
Package: wrapfig 2003/01/31  v 3.6
)
(C:\Users\Firoozeh\AppData\Local\Programs\MiKTeX\tex/latex/geometry\geometry.st
y
Package: geometry 2020/01/02 v5.9 Page Geometry
 (C:\Users\Firoozeh\AppData\Local\Programs\MiKTeX\tex/generic/iftex\ifvtex.sty
Package: ifvtex 2019/10/25 v1.7 ifvtex legacy package. Use iftex instead.
)
\Gm@cnth=\count341
\Gm@cntv=\count342
\c@Gm@tempcnt=\count343
\Gm@bindingoffset=\dimen264
\Gm@wd@mp=\dimen265
\Gm@odd@mp=\dimen266
\Gm@even@mp=\dimen267
\Gm@layoutwidth=\dimen268
\Gm@layoutheight=\dimen269
\Gm@layouthoffset=\dimen270
\Gm@layoutvoffset=\dimen271
\Gm@dimlist=\toks39

(C:\Users\Firoozeh\AppData\Local\Programs\MiKTeX\tex/latex/geometry\geometry.cf
g))
(C:\Users\Firoozeh\AppData\Local\Programs\MiKTeX\tex/latex/amsfonts\euscript.st
y
Package: euscript 2009/06/22 v3.00 Euler Script fonts
LaTeX Font Info:    Overwriting math alphabet `\EuScript' in version `bold'
(Font)                  U/eus/m/n --> U/eus/b/n on input line 33.
)
(C:\Users\Firoozeh\AppData\Local\Programs\MiKTeX\tex/latex/tools\multicol.sty
Package: multicol 2025/05/25 v2.0a multicolumn formatting (FMi)
\c@tracingmulticols=\count344
\mult@box=\box62
\multicol@leftmargin=\dimen272
\c@unbalance=\count345
\c@collectmore=\count346
\doublecol@number=\count347
\multicoltolerance=\count348
\multicolpretolerance=\count349
\full@width=\dimen273
\page@free=\dimen274
\premulticols=\dimen275
\postmulticols=\dimen276
\multicolsep=\skip61
\multicolbaselineskip=\skip62
\partial@page=\box63
\last@line=\box64
\mc@boxedresult=\box65
\maxbalancingoverflow=\dimen277
\mult@rightbox=\box66
\mult@grightbox=\box67
\mult@firstbox=\box68
\mult@gfirstbox=\box69
\@tempa=\box70
\@tempa=\box71
\@tempa=\box72
\@tempa=\box73
\@tempa=\box74
\@tempa=\box75
\@tempa=\box76
\@tempa=\box77
\@tempa=\box78
\@tempa=\box79
\@tempa=\box80
\@tempa=\box81
\@tempa=\box82
\@tempa=\box83
\@tempa=\box84
\@tempa=\box85
\@tempa=\box86
\@tempa=\box87
\@tempa=\box88
\@tempa=\box89
\@tempa=\box90
\@tempa=\box91
\@tempa=\box92
\@tempa=\box93
\@tempa=\box94
\@tempa=\box95
\@tempa=\box96
\@tempa=\box97
\@tempa=\box98
\@tempa=\box99
\@tempa=\box100
\@tempa=\box101
\@tempa=\box102
\@tempa=\box103
\@tempa=\box104
\@tempa=\box105
\c@minrows=\count350
\c@columnbadness=\count351
\c@finalcolumnbadness=\count352
\last@try=\dimen278
\multicolovershoot=\dimen279
\multicolundershoot=\dimen280
\mult@nat@firstbox=\box106
\colbreak@box=\box107
\mc@col@check@num=\count353
\g__mc_curr_col_int=\count354
)
(C:\Users\Firoozeh\AppData\Local\Programs\MiKTeX\tex/latex/multirow\multirow.st
y
Package: multirow 2024/11/12 v2.9 Span multiple rows of a table
\multirow@colwidth=\skip63
\multirow@cntb=\count355
\multirow@dima=\skip64
\bigstrutjot=\dimen281
)
(C:\Users\Firoozeh\AppData\Local\Programs\MiKTeX\tex/latex/caption\caption.sty
Package: caption 2023/08/05 v3.6o Customizing captions (AR)

(C:\Users\Firoozeh\AppData\Local\Programs\MiKTeX\tex/latex/caption\caption3.sty
Package: caption3 2023/07/31 v2.4d caption3 kernel (AR)
\caption@tempdima=\dimen282
\captionmargin=\dimen283
\caption@leftmargin=\dimen284
\caption@rightmargin=\dimen285
\caption@width=\dimen286
\caption@indent=\dimen287
\caption@parindent=\dimen288
\caption@hangindent=\dimen289
Package caption Info: Standard document class detected.
)
\c@caption@flags=\count356
\c@continuedfloat=\count357
Package caption Info: hyperref package is loaded.
Package caption Info: subfigure package is loaded.
Package caption Info: wrapfig package is loaded.
)
(C:\Users\Firoozeh\AppData\Local\Programs\MiKTeX\tex/latex/algorithmicx\algorit
hmicx.sty
Package: algorithmicx 2005/04/27 v1.2 Algorithmicx

(C:\Users\Firoozeh\AppData\Local\Programs\MiKTeX\tex/latex/base\ifthen.sty
Package: ifthen 2024/03/16 v1.1e Standard LaTeX ifthen package (DPC)
)
Document Style algorithmicx 1.2 - a greatly improved `algorithmic' style
\c@ALG@line=\count358
\c@ALG@rem=\count359
\c@ALG@nested=\count360
\ALG@tlm=\skip65
\ALG@thistlm=\skip66
\c@ALG@Lnr=\count361
\c@ALG@blocknr=\count362
\c@ALG@storecount=\count363
\c@ALG@tmpcounter=\count364
\ALG@tmplength=\skip67
)
(C:\Users\Firoozeh\AppData\Local\Programs\MiKTeX\tex/latex/algorithms\algorithm
.sty
Invalid UTF-8 byte or sequence at line 11 replaced by U+FFFD.
Package: algorithm 2009/08/24 v0.1 Document Style `algorithm' - floating enviro
nment
 (C:\Users\Firoozeh\AppData\Local\Programs\MiKTeX\tex/latex/float\float.sty
Package: float 2001/11/08 v1.3d Float enhancements (AL)
\c@float@type=\count365
\float@exts=\toks40
\float@box=\box108
\@float@everytoks=\toks41
\@floatcapt=\box109
)
\@float@every@algorithm=\toks42
\c@algorithm=\count366
)
(C:\Users\Firoozeh\AppData\Local\Programs\MiKTeX\tex/latex/xepersian\xepersian.
sty
Package: xepersian 2025/09/08 v25.09.08 (Release Iran) Persian typesetting in X
eLaTeX

****************************************************
* 
* xepersian package (Persian for LaTeX format in XeTeX and LuaTeX engines)
* 
* Description: A convenient interface for typesetting Persian and
English documents with LaTeX format in XeTeX and LuaTeX engines.
* 
* Copyright (c) 2008--2025 Vafa Khalighi
* Copyright (c) 2018--2020 bidi-tex GitHub Organization
* 
* v25.09.08 (Release Iran), 2025/09/08
* 
* License: LaTeX Project Public License, version
* 1.3c or higher (your choice)
* 
* Location on CTAN: /macros/unicodetex/latex/xepersian
* 
* Issue tracker: https://github.com/xepersian/xepersian/issues
* 
* Primary author of xepersian package: Vafa Khalighi.
* 
****************************************************

(C:\Users\Firoozeh\AppData\Local\Programs\MiKTeX\tex/latex/fontspec\fontspec.st
y
(C:\Users\Firoozeh\AppData\Local\Programs\MiKTeX\tex/latex/l3packages/xparse\xp
arse.sty
(C:\Users\Firoozeh\AppData\Local\Programs\MiKTeX\tex/latex/l3kernel\expl3.sty
Package: expl3 2025-09-02 L3 programming layer (loader) 

(C:\Users\Firoozeh\AppData\Local\Programs\MiKTeX\tex/latex/l3backend\l3backend-
xetex.def
File: l3backend-xetex.def 2025-06-09 L3 backend support: XeTeX
\g__graphics_track_int=\count367
\g__pdfannot_backend_int=\count368
\g__pdfannot_backend_link_int=\count369
))
Package: xparse 2024-08-16 L3 Experimental document command parser
)
Package: fontspec 2024/05/11 v2.9e Font selection for XeLaTeX and LuaLaTeX

(C:\Users\Firoozeh\AppData\Local\Programs\MiKTeX\tex/latex/fontspec\fontspec-xe
tex.sty
Package: fontspec-xetex 2024/05/11 v2.9e Font selection for XeLaTeX and LuaLaTe
X
\l__fontspec_script_int=\count370
\l__fontspec_language_int=\count371
\l__fontspec_strnum_int=\count372
\l__fontspec_tmp_int=\count373
\l__fontspec_tmpa_int=\count374
\l__fontspec_tmpb_int=\count375
\l__fontspec_tmpc_int=\count376
\l__fontspec_em_int=\count377
\l__fontspec_emdef_int=\count378
\l__fontspec_strong_int=\count379
\l__fontspec_strongdef_int=\count380
\l__fontspec_tmpa_dim=\dimen290
\l__fontspec_tmpb_dim=\dimen291
\l__fontspec_tmpc_dim=\dimen292

(C:\Users\Firoozeh\AppData\Local\Programs\MiKTeX\tex/latex/base\fontenc.sty
Package: fontenc 2024/12/21 v2.1c Standard LaTeX package
)
(C:\Users\Firoozeh\AppData\Local\Programs\MiKTeX\tex/latex/fontspec\fontspec.cf
g)))
(C:\Users\Firoozeh\AppData\Local\Programs\MiKTeX\tex/latex/xepersian\unicode-pe
rsiancal.sty
Package: unicode-persiancal 2025/01/01 v0.3 Unicode Persian calendar
\XePersian@i=\count381
\XePersian@y=\count382
\XePersian@m=\count383
\XePersian@d=\count384
\XePersian@latini=\count385
\XePersian@persiani=\count386
\XePersian@latinii=\count387
\XePersian@persianii=\count388
\XePersian@latiniii=\count389
\XePersian@persianiii=\count390
\XePersian@latiniv=\count391
\XePersian@persianiv=\count392
\XePersian@latinv=\count393
\XePersian@persianv=\count394
\XePersian@latinvi=\count395
\XePersian@persianvi=\count396
\XePersian@latinvii=\count397
\XePersian@persianvii=\count398
\XePersian@latinviii=\count399
\XePersian@persianviii=\count400
\XePersian@latinix=\count401
\XePersian@persianix=\count402
\XePersian@latinx=\count403
\XePersian@persianx=\count404
\XePersian@latinxi=\count405
\XePersian@persianxi=\count406
\XePersian@latinxii=\count407
\XePersian@persianxii=\count408
\XePersian@persianxiii=\count409
\XePersian@temp=\count410
\XePersian@temptwo=\count411
\XePersian@tempthree=\count412
\XePersian@yModHundred=\count413
\XePersian@thirtytwo=\count414
\XePersian@dn=\count415
\XePersian@sn=\count416
\XePersian@mminusone=\count417
)
(C:\Users\Firoozeh\AppData\Local\Programs\MiKTeX\tex/latex/xepersian\unicode-pe
rsianmath.sty
Package: unicode-persianmath 2025/09/03 v1.2.4 Unicode Persian math
)
(C:\Users\Firoozeh\AppData\Local\Programs\MiKTeX\tex/latex/bidi\bidi.sty
Package: bidi 2025/09/20 v25.09.20 (Release Iran) Bidirectional typesetting in 
plain TeX and LaTeX


! LaTeX Error: Unknown option 'localise' for package bidi.

For immediate help type H <return>.
 ...                                              
                                                  
l.187 \edef
           \@bidi@info{****************************************************^^J%


LaTeX has been asked to set an option called 'localise' but the package "bidi"
has not created an option with this name.


****************************************************
* 
* bidi package (Bidirectional typesetting with
* plain TeX and LaTeX formats in XeTeX and LuaTeX engines)
* 
* Description: A convenient interface for
* typesetting bidirectional texts in plain TeX
* and LaTeX. The package includes adaptations
* for use with many other commonly-used packages.
* 
* Copyright (c) 2007--2025 Vafa Khalighi
* Copyright (c) 2018--2020 bidi-tex GitHub organization
* 
* v25.09.20 (Release Iran), 2025/09/20
* 
* License: LaTeX Project Public License, version
* 1.3c or higher (your choice)
* 
* Location on CTAN: /macros/unicodetex/generic/bidi
* 
* Issue tracker: https://github.com/xepersian/bidi/issues
* 
* Primary author of bidi package: Vafa Khalighi.
* 
****************************************************
(C:\Users\Firoozeh\AppData\Local\Programs\MiKTeX\tex/latex/bidi\biditools.sty
Package: biditools 2025/02/02 v2.7 Programming tools for bidi package
\@bidi@envbody=\toks43
\@bidi@emptytoks=\toks44
\bidi@poscount=\count418
\bidi@tempcountb=\count419
\bidi@temptoksa=\toks45
\bidi@temptoksb=\toks46
\bidi@dummies=\count420
\bidi@are@these@correct=\toks47
\bidi@toks@lista=\toks48
\bidi@toks@listb=\toks49
\bidi@stack@length=\count421
\bidi@empty@stack=\toks50
\bidi@looprepeat@depth=\count422
)
(C:\Users\Firoozeh\AppData\Local\Programs\MiKTeX\tex/latex/zref\zref-abspage.st
y
Package: zref-abspage 2025-06-08 v2.36 Module abspage for zref (HO)
 (C:\Users\Firoozeh\AppData\Local\Programs\MiKTeX\tex/latex/zref\zref-base.sty
Package: zref-base 2025-06-08 v2.36 Module base for zref (HO)

(C:\Users\Firoozeh\AppData\Local\Programs\MiKTeX\tex/generic/etexcmds\etexcmds.
sty
Package: etexcmds 2019/12/15 v1.7 Avoid name clashes with e-TeX commands (HO)
)
(C:\Users\Firoozeh\AppData\Local\Programs\MiKTeX\tex/latex/auxhook\auxhook.sty
Package: auxhook 2019-12-17 v1.6 Hooks for auxiliary files (HO)
)
Package zref Info: New property list: main on input line 767.
Package zref Info: New property: default on input line 768.
Package zref Info: New property: page on input line 769.
)
\c@abspage=\count423
Package zref Info: New property: abspage on input line 67.
)
\@bidi@copyins@=\insert252
\bidi@typesethour=\count424
\bidi@typesetminute=\count425

(C:\Users\Firoozeh\AppData\Local\Programs\MiKTeX\tex/latex/bidi\latex-xetex-bid
i.def
File: latex-xetex-bidi.def 2025/09/20 v1.5.3 bidi adaptations for `latex.ltx' f
or XeTeX engine
\bidi@n@everypar=\toks51
LaTeX Info: Redefining \centerline on input line 316.
LaTeX Info: Redefining \leftline on input line 325.
LaTeX Info: Redefining \rightline on input line 326.
LaTeX Info: Redefining \underline on input line 334.
\bidi@column@check@number=\count426

(C:\Users\Firoozeh\AppData\Local\Programs\MiKTeX\tex/latex/bidi\footnote-xetex-
bidi.def
File: footnote-xetex-bidi.def 2025/09/20 v1.4 bidi footnote macros for XeTeX en
gine
\c@footdir@label=\count427
\footdir@toks=\toks52
)
(C:\Users\Firoozeh\AppData\Local\Programs\MiKTeX\tex/latex/bidi\amsmath-xetex-b
idi.def
File: amsmath-xetex-bidi.def 2020/05/16 v1.2 bidi adaptations for amsmath packa
ge for XeTeX engine
)
(C:\Users\Firoozeh\AppData\Local\Programs\MiKTeX\tex/latex/bidi\amstext-xetex-b
idi.def
File: amstext-xetex-bidi.def 2016/09/12 v0.2 bidi adaptations for amstext packa
ge for XeTeX engine
)
(C:\Users\Firoozeh\AppData\Local\Programs\MiKTeX\tex/latex/bidi\caption-xetex-b
idi.def
File: caption-xetex-bidi.def 2010/07/25 v0.1 bidi adaptations for caption packa
ge for XeTeX engine
)
(C:\Users\Firoozeh\AppData\Local\Programs\MiKTeX\tex/latex/bidi\caption3-xetex-
bidi.def
File: caption3-xetex-bidi.def 2013/04/01 v0.1 bidi adaptations for caption3 pac
kage for XeTeX engine
)
(C:\Users\Firoozeh\AppData\Local\Programs\MiKTeX\tex/latex/bidi\color-xetex-bid
i.def
File: color-xetex-bidi.def 2013/04/08 v0.2 bidi adaptations for color package f
or XeTeX engine
LaTeX Info: Redefining \color on input line 49.
)
(C:\Users\Firoozeh\AppData\Local\Programs\MiKTeX\tex/latex/bidi\float-xetex-bid
i.def
File: float-xetex-bidi.def 2013/04/04 v0.2 bidi adaptations for float package f
or XeTeX engine
)
(C:\Users\Firoozeh\AppData\Local\Programs\MiKTeX\tex/latex/bidi\geometry-xetex-
bidi.def
File: geometry-xetex-bidi.def 2017/01/14 v0.2 bidi adaptations for geometry pac
kage for XeTeX engine
)
(C:\Users\Firoozeh\AppData\Local\Programs\MiKTeX\tex/latex/bidi\graphicx-xetex-
bidi.def
File: graphicx-xetex-bidi.def 2017/06/17 v0.5 bidi adaptations for graphicx pac
kage for XeTeX engine
)
(C:\Users\Firoozeh\AppData\Local\Programs\MiKTeX\tex/latex/bidi\hyperref-xetex-
bidi.def
File: hyperref-xetex-bidi.def 2025/01/05 v1.4 bidi adaptations for hyperref pac
kage for XeTeX engine
)
(C:\Users\Firoozeh\AppData\Local\Programs\MiKTeX\tex/latex/bidi\multicol-xetex-
bidi.def
File: multicol-xetex-bidi.def 2022/07/10 v1.4 bidi adaptations for multicol pac
kage for XeTeX engine
)
(C:\Users\Firoozeh\AppData\Local\Programs\MiKTeX\tex/latex/bidi\subfigure-xetex
-bidi.def
File: subfigure-xetex-bidi.def 2010/03/01 v0.1 bidi adaptations for subfigure p
ackage for XeTeX engine
)
(C:\Users\Firoozeh\AppData\Local\Programs\MiKTeX\tex/latex/bidi\wrapfig-xetex-b
idi.def
File: wrapfig-xetex-bidi.def 2014/04/23 v0.3 bidi adaptations for wrapfig packa
ge for XeTeX engine
)
(C:\Users\Firoozeh\AppData\Local\Programs\MiKTeX\tex/latex/bidi\xcolor-xetex-bi
di.def
File: xcolor-xetex-bidi.def 2022/06/13 v0.3 bidi adaptations for xcolor package
 for XeTeX engine
LaTeX Info: Redefining \color on input line 48.
LaTeX Info: Redefining \bidicolor on input line 91.
)
(C:\Users\Firoozeh\AppData\Local\Programs\MiKTeX\tex/latex/bidi\pstricks-xetex-
bidi.def
File: pstricks-xetex-bidi.def 2025/01/08 v0.7 bidi adaptations for pstricks pac
kage for XeTeX engine
))
(C:\Users\Firoozeh\AppData\Local\Programs\MiKTeX\tex/latex/bidi\extrafootnotefe
atures-xetex-bidi.def
File: extrafootnotefeatures-xetex-bidi.def 2025/09/13 v2.8 bidi extra footnote 
features for XeTeX engine
\bidi@columnwidth=\dimen293
\footmarkwidth=\skip68
\footinsdim=\skip69
\footinsv@r=\insert251
\footinsv@l=\insert250
\@mpfootinsv@r=\insert249
\@mpfootinsv@l=\insert248
\m@m@k=\count428
\m@m@h=\dimen294
\m@mipn@skip=\skip70
)
\bidi@digits=\count429
\bidi@digits@charclass=\XeTeXcharclass1
\bidi@sepmark@charclass=\XeTeXcharclass2
)
\xepersian@tcl=\count430
\xepersian@ilg=\dimen295
\xepersian@strutilg=\dimen296

(C:\Users\Firoozeh\AppData\Local\Programs\MiKTeX\tex/latex/xepersian\footnote-x
etex-bidi-xetex-xepersian.def
File: footnote-xetex-bidi-xetex-xepersian.def 2017/08/09 v0.6 xepersian adaptat
ions for footnotes for XeTeX engine
)
(C:\Users\Firoozeh\AppData\Local\Programs\MiKTeX\tex/latex/xepersian\extrafootn
otefeatures-xetex-bidi-xetex-xepersian.def
File: extrafootnotefeatures-xetex-bidi-xetex-xepersian.def 2012/01/01 v0.2 xepe
rsian adaptations for extrafootnotefeatures option for XeTeX engine
)
(C:\Users\Firoozeh\AppData\Local\Programs\MiKTeX\tex/latex/xepersian\book-xetex
-xepersian.def
File: book-xetex-xepersian.def 2010/07/25 v0.2 xepersian adaptations for book c
lass for XeTeX engine
)
(C:\Users\Firoozeh\AppData\Local\Programs\MiKTeX\tex/latex/xepersian\algorithm-
xetex-xepersian.def
File: algorithm-xetex-xepersian.def 2010/07/25 v0.2 xepersian adaptations for a
lgorithm package for XeTeX engine
)
(C:\Users\Firoozeh\AppData\Local\Programs\MiKTeX\tex/latex/xepersian\hyperref-x
etex-xepersian.def
File: hyperref-xetex-xepersian.def 2022/10/30 v0.8 xepersian adaptations for hy
perref package for XeTeX engine
)
(C:\Users\Firoozeh\AppData\Local\Programs\MiKTeX\tex/latex/xepersian\url-xetex-
xepersian.def
File: url-xetex-xepersian.def 2025/09/03 v0.2 xepersian adaptations for url pac
kage for XeTeX engine
)
\xepersian@toks=\toks53
)

Package fontspec Info: 
(fontspec)             Font family 'lmroman10-regular(0)' created for font
(fontspec)             'lmroman10-regular' with options
(fontspec)             [Ligatures=TeX,Path,BoldFont={lmroman10-bold},BoldItalic
Font={lmroman10-bolditalic},ItalicFont={lmroman10-italic},SmallCapsFont={lmroma
ncaps10-regular},SlantedFont={lmromanslant10-regular},BoldSlantedFont={lmromans
lant10-bold}].
(fontspec)              
(fontspec)              This font family consists of the following NFSS
(fontspec)             series/shapes:
(fontspec)              
(fontspec)             - 'normal' (m/n) with NFSS spec.:
(fontspec)             <->"[lmroman10-regular]/OT:script=latn;language=dflt;map
ping=tex-text;"
(fontspec)             - 'small caps'  (m/sc) with NFSS spec.:
(fontspec)             <->"[lmromancaps10-regular]/OT:script=latn;language=dflt
;mapping=tex-text;"
(fontspec)             - 'bold' (b/n) with NFSS spec.:
(fontspec)             <->"[lmroman10-bold]/OT:script=latn;language=dflt;mappin
g=tex-text;"
(fontspec)             - 'bold small caps'  (b/sc) with NFSS spec.:
(fontspec)             <->"[lmromancaps10-regular]/OT:script=latn;language=dflt
;mapping=tex-text;"
(fontspec)             - 'italic' (m/it) with NFSS spec.:
(fontspec)             <->"[lmroman10-italic]/OT:script=latn;language=dflt;mapp
ing=tex-text;"
(fontspec)             - 'italic small caps'  (m/scit) with NFSS spec.:
(fontspec)             <->"[lmromancaps10-regular]/OT:script=latn;language=dflt
;mapping=tex-text;"
(fontspec)             - 'slanted' (m/sl) with NFSS spec.:
(fontspec)             <->"[lmromanslant10-regular]/OT:script=latn;language=dfl
t;mapping=tex-text;"
(fontspec)             - 'slanted small caps'  (m/scsl) with NFSS spec.:
(fontspec)             <->"[lmromancaps10-regular]/OT:script=latn;language=dflt
;mapping=tex-text;"
(fontspec)             - 'bold italic' (b/it) with NFSS spec.:
(fontspec)             <->"[lmroman10-bolditalic]/OT:script=latn;language=dflt;
mapping=tex-text;"
(fontspec)             - 'bold italic small caps'  (b/scit) with NFSS spec.:
(fontspec)             <->"[lmromancaps10-regular]/OT:script=latn;language=dflt
;mapping=tex-text;"
(fontspec)             - 'bold slanted' (b/sl) with NFSS spec.:
(fontspec)             <->"[lmromanslant10-bold]/OT:script=latn;language=dflt;m
apping=tex-text;"
(fontspec)             - 'bold slanted small caps'  (b/scsl) with NFSS spec.:
(fontspec)             <->"[lmromancaps10-regular]/OT:script=latn;language=dflt
;mapping=tex-text;"


(C:\Users\Firoozeh\AppData\Local\Programs\MiKTeX\tex/latex/algorithmicx\algpseu
docode.sty
Package: algpseudocode 

Document Style - pseudocode environments for use with the `algorithmicx' style
) (styles/alg-fa.tex)
*geometry* verbose mode - [ newgeometry ] result:
* driver: 
* paper: a4paper
* layout: <same size as paper>
* layoutoffset:(h,v)=(0.0pt,0.0pt)
* modes: 
* h-part:(L,W,R)=(72.26999pt, 452.9679pt, 72.26999pt)
* v-part:(T,H,B)=(72.26999pt, 693.27942pt, 79.49744pt)
* \paperwidth=597.50787pt
* \paperheight=845.04684pt
* \textwidth=452.9679pt
* \textheight=693.27942pt
* \oddsidemargin=0.0pt
* \evensidemargin=0.0pt
* \topmargin=-31.8738pt
* \headheight=12.0pt
* \headsep=19.8738pt
* \topskip=12.0pt
* \footskip=28.90755pt
* \marginparwidth=38.0pt
* \marginparsep=7.0pt
* \columnsep=10.0pt
* \skip\footins=10.8pt plus 4.0pt minus 2.0pt
* \hoffset=0.0pt
* \voffset=0.0pt
* \mag=1000
* \@twocolumnfalse
* \@twosidefalse
* \@mparswitchfalse
* \@reversemarginfalse
* (1in=72.27pt=25.4mm, 1cm=28.453pt)


Package fontspec Info: 
(fontspec)             XB Niloofar scale = 1.09.


Package fontspec Info: 
(fontspec)             XB Niloofar scale = 1.09.


Package fontspec Info: 
(fontspec)             XB NiloofarBd scale = 1.09.


Package fontspec Info: 
(fontspec)             XB NiloofarIt scale = 1.09.


Package fontspec Info: 
(fontspec)             XB NiloofarBdIt scale = 1.09.


Package fontspec Info: 
(fontspec)             Font family 'XBNiloofar(0)' created for font 'XB
(fontspec)             Niloofar' with options
(fontspec)             [RawFeature={script=arab},Ligatures=PersianTeX,Scale=1.0
9,Extension=.ttf,Path=styles/fonts/,BoldFont=XB
(fontspec)             NiloofarBd,ItalicFont=XB NiloofarIt,BoldItalicFont=XB
(fontspec)             NiloofarBdIt].
(fontspec)              
(fontspec)              This font family consists of the following NFSS
(fontspec)             series/shapes:
(fontspec)              
(fontspec)             - 'normal' (m/n) with NFSS spec.:
(fontspec)             <->s*[1.09]"[styles/fonts/XB
(fontspec)             Niloofar.ttf]/OT:script=latn;language=dflt;script=arab;m
apping=persian-tex-text;"
(fontspec)             - 'bold' (b/n) with NFSS spec.:
(fontspec)             <->s*[1.09]"[styles/fonts/XB
(fontspec)             NiloofarBd.ttf]/OT:script=latn;language=dflt;script=arab
;mapping=persian-tex-text;"
(fontspec)             - 'italic' (m/it) with NFSS spec.:
(fontspec)             <->s*[1.09]"[styles/fonts/XB
(fontspec)             NiloofarIt.ttf]/OT:script=latn;language=dflt;script=arab
;mapping=persian-tex-text;"
(fontspec)             - 'bold italic' (b/it) with NFSS spec.:
(fontspec)             <->s*[1.09]"[styles/fonts/XB
(fontspec)             NiloofarBdIt.ttf]/OT:script=latn;language=dflt;script=ar
ab;mapping=persian-tex-text;"

LaTeX Font Info:    Font shape `TU/XBNiloofar(0)/m/n' will be
(Font)              scaled to size 13.07996pt on input line 51.

Package fontspec Info: 
(fontspec)             XB Niloofar scale = 1.09.


Package fontspec Info: 
(fontspec)             XB Niloofar scale = 1.09.


Package fontspec Info: 
(fontspec)             XB NiloofarBd scale = 1.09.


Package fontspec Info: 
(fontspec)             XB NiloofarIt scale = 1.09.


Package fontspec Info: 
(fontspec)             XB NiloofarBdIt scale = 1.09.


Package fontspec Info: 
(fontspec)             Font family 'XBNiloofar(1)' created for font 'XB
(fontspec)             Niloofar' with options
(fontspec)             [Ligatures=PersianTeX,Scale=1.09,Extension=.ttf,Path=sty
les/fonts/,BoldFont=XB
(fontspec)             NiloofarBd,ItalicFont=XB NiloofarIt,BoldItalicFont=XB
(fontspec)             NiloofarBdIt].
(fontspec)              
(fontspec)              This font family consists of the following NFSS
(fontspec)             series/shapes:
(fontspec)              
(fontspec)             - 'normal' (m/n) with NFSS spec.:
(fontspec)             <->s*[1.09]"[styles/fonts/XB
(fontspec)             Niloofar.ttf]/OT:script=latn;language=dflt;mapping=persi
an-tex-text;"
(fontspec)             - 'bold' (b/n) with NFSS spec.:
(fontspec)             <->s*[1.09]"[styles/fonts/XB
(fontspec)             NiloofarBd.ttf]/OT:script=latn;language=dflt;mapping=per
sian-tex-text;"
(fontspec)             - 'italic' (m/it) with NFSS spec.:
(fontspec)             <->s*[1.09]"[styles/fonts/XB
(fontspec)             NiloofarIt.ttf]/OT:script=latn;language=dflt;mapping=per
sian-tex-text;"
(fontspec)             - 'bold italic' (b/it) with NFSS spec.:
(fontspec)             <->s*[1.09]"[styles/fonts/XB
(fontspec)             NiloofarBdIt.ttf]/OT:script=latn;language=dflt;mapping=p
ersian-tex-text;"


Package fontspec Info: 
(fontspec)             XB Niloofar scale = 1.09.


Package fontspec Info: 
(fontspec)             XB Niloofar scale = 1.09.


Package fontspec Info: 
(fontspec)             XB NiloofarBd scale = 1.09.


Package fontspec Info: 
(fontspec)             XB NiloofarIt scale = 1.09.


Package fontspec Info: 
(fontspec)             XB NiloofarBdIt scale = 1.09.


Package fontspec Info: 
(fontspec)             Font family 'XBNiloofar(2)' created for font 'XB
(fontspec)             Niloofar' with options
(fontspec)             [Scale=1.09,Extension=.ttf,Path=styles/fonts/,BoldFont=X
B
(fontspec)             NiloofarBd,ItalicFont=XB NiloofarIt,BoldItalicFont=XB
(fontspec)             NiloofarBdIt].
(fontspec)              
(fontspec)              This font family consists of the following NFSS
(fontspec)             series/shapes:
(fontspec)              
(fontspec)             - 'normal' (m/n) with NFSS spec.:
(fontspec)             <->s*[1.09]"[styles/fonts/XB
(fontspec)             Niloofar.ttf]/OT:script=latn;language=dflt;"
(fontspec)             - 'bold' (b/n) with NFSS spec.:
(fontspec)             <->s*[1.09]"[styles/fonts/XB
(fontspec)             NiloofarBd.ttf]/OT:script=latn;language=dflt;"
(fontspec)             - 'italic' (m/it) with NFSS spec.:
(fontspec)             <->s*[1.09]"[styles/fonts/XB
(fontspec)             NiloofarIt.ttf]/OT:script=latn;language=dflt;"
(fontspec)             - 'bold italic' (b/it) with NFSS spec.:
(fontspec)             <->s*[1.09]"[styles/fonts/XB
(fontspec)             NiloofarBdIt.ttf]/OT:script=latn;language=dflt;"

Package unicode-persianmath Info: DefiningthedefaultPersianmathdigitsfontas'XB 
Niloofar' on input line 60.
\sympersianoperators=\mathgroup6
\sympersianoperatorsbf=\mathgroup7
\sympersianoperatorsit=\mathgroup8
\c@قضیه=\count431
\c@مسئله=\count432
\c@تعریف=\count433
\c@مثال=\count434
) (styles/custom.tex)
(C:\Users\Firoozeh\AppData\Local\Programs\MiKTeX\tex/latex/bidi\book-xetex-bidi
.def
File: book-xetex-bidi.def 2025/09/04 v1.3 bidi adaptations for standard book cl
ass for XeTeX engine
)
(C:\Users\Firoozeh\AppData\Local\Programs\MiKTeX\tex/latex/bidi\float-xetex-bid
i.def
File: float-xetex-bidi.def 2013/04/04 v0.2 bidi adaptations for float package f
or XeTeX engine
) (thesis.aux (front/info.aux) (front/template/title.aux)
(front/template/besmellah.aux) (front/template/signatures.aux)
(front/template/declaration.aux) (front/acknowledge.aux) (front/abstract.aux)
(chapters/Introduction/introduction.aux)
(chapters/preliminaries/preliminaries.aux

LaTeX Warning: Label `def:mutual-info' multiply defined.


LaTeX Warning: Label `eq:mutual-info' multiply defined.


LaTeX Warning: Label `sec:bg:minimax-risk' multiply defined.


LaTeX Warning: Label `def:minimax-rate' multiply defined.


LaTeX Warning: Label `eq:minimax-def' multiply defined.


LaTeX Warning: Label `sec:bg:lower-bounds' multiply defined.


LaTeX Warning: Label `thm:le-cam' multiply defined.


LaTeX Warning: Label `thm:fano' multiply defined.


LaTeX Warning: Label `lem:assouad' multiply defined.

) (chapters/LDP.aux

LaTeX Warning: Label `sec:ldp:mechanisms' multiply defined.

) (chapters/literature.aux) (chapters/results.aux) (chapters/conclusions.aux)
(bibs/bibs.aux) (front/dictionary.aux) (chapters/appendix.aux)
(front/abstract-eng.aux) (front/template/title-eng.aux))
\openout1 = `thesis.aux'.

LaTeX Font Info:    Checking defaults for OML/cmm/m/it on input line 22.
LaTeX Font Info:    ... okay on input line 22.
LaTeX Font Info:    Checking defaults for OMS/cmsy/m/n on input line 22.
LaTeX Font Info:    ... okay on input line 22.
LaTeX Font Info:    Checking defaults for OT1/cmr/m/n on input line 22.
LaTeX Font Info:    ... okay on input line 22.
LaTeX Font Info:    Checking defaults for T1/cmr/m/n on input line 22.
LaTeX Font Info:    ... okay on input line 22.
LaTeX Font Info:    Checking defaults for TS1/cmr/m/n on input line 22.
LaTeX Font Info:    ... okay on input line 22.
LaTeX Font Info:    Checking defaults for TU/lmr/m/n on input line 22.
LaTeX Font Info:    ... okay on input line 22.
LaTeX Font Info:    Checking defaults for OMX/cmex/m/n on input line 22.
LaTeX Font Info:    ... okay on input line 22.
LaTeX Font Info:    Checking defaults for U/cmr/m/n on input line 22.
LaTeX Font Info:    ... okay on input line 22.
LaTeX Font Info:    Checking defaults for PD1/pdf/m/n on input line 22.
LaTeX Font Info:    ... okay on input line 22.
LaTeX Font Info:    Checking defaults for PU/pdf/m/n on input line 22.
LaTeX Font Info:    ... okay on input line 22.
Package hyperref Info: Link coloring ON on input line 22.
 (thesis.out)
(thesis.out)
\@outlinefile=\write3
\openout3 = `thesis.out'.


*geometry* driver: auto-detecting
*geometry* detected driver: xetex
*geometry* verbose mode - [ preamble ] result:
* driver: xetex
* paper: a4paper
* layout: <same size as paper>
* layoutoffset:(h,v)=(0.0pt,0.0pt)
* modes: 
* h-part:(L,W,R)=(72.26999pt, 452.9679pt, 72.26999pt)
* v-part:(T,H,B)=(72.26999pt, 693.27942pt, 79.49744pt)
* \paperwidth=597.50787pt
* \paperheight=845.04684pt
* \textwidth=452.9679pt
* \textheight=693.27942pt
* \oddsidemargin=0.0pt
* \evensidemargin=0.0pt
* \topmargin=-31.8738pt
* \headheight=12.0pt
* \headsep=19.8738pt
* \topskip=12.0pt
* \footskip=28.90755pt
* \marginparwidth=38.0pt
* \marginparsep=7.0pt
* \columnsep=10.0pt
* \skip\footins=10.8pt plus 4.0pt minus 2.0pt
* \hoffset=0.0pt
* \voffset=0.0pt
* \mag=1000
* \@twocolumnfalse
* \@twosidefalse
* \@mparswitchfalse
* \@reversemarginfalse
* (1in=72.27pt=25.4mm, 1cm=28.453pt)

Package caption Info: Begin \AtBeginDocument code.
Package caption Info: float package is loaded.
Package caption Info: End \AtBeginDocument code.
\openout2 = `front/info.aux'.

(front/info.tex)
\openout2 = `front/template/title.aux'.

 (front/template/title.tex
File: front/template/images/logo.pdf Graphic file (type pdf)
<use front/template/images/logo.pdf>
LaTeX Font Info:    Font shape `TU/XBNiloofar(0)/m/n' will be
(Font)              scaled to size 15.69594pt on input line 17.
LaTeX Font Info:    Font shape `TU/XBNiloofar(0)/m/n' will be
(Font)              scaled to size 22.60652pt on input line 27.
LaTeX Font Info:    Font shape `TU/XBNiloofar(0)/b/n' will be
(Font)              scaled to size 22.60652pt on input line 27.
LaTeX Font Info:    Font shape `TU/XBNiloofar(0)/b/n' will be
(Font)              scaled to size 15.69594pt on input line 32.
LaTeX Font Info:    Font shape `TU/XBNiloofar(1)/m/n' will be
(Font)              scaled to size 13.07996pt on input line 41.
)

[1






]
\openout2 = `front/template/besmellah.aux'.

 (front/template/besmellah.tex
File: front/template/images/besmellah.jpg Graphic file (type bmp)
<front/template/images/besmellah.jpg>
)

[2



]
\openout2 = `front/template/signatures.aux'.

 (front/template/signatures.tex
LaTeX Font Info:    Font shape `TU/XBNiloofar(0)/b/n' will be
(Font)              scaled to size 13.07996pt on input line 13.
LaTeX Font Info:    Trying to load font information for U+msa on input line 39.


(C:\Users\Firoozeh\AppData\Local\Programs\MiKTeX\tex/latex/amsfonts\umsa.fd
File: umsa.fd 2013/01/14 v3.01 AMS symbols A
)
LaTeX Font Info:    Trying to load font information for U+msb on input line 39.


(C:\Users\Firoozeh\AppData\Local\Programs\MiKTeX\tex/latex/amsfonts\umsb.fd
File: umsb.fd 2013/01/14 v3.01 AMS symbols B
)
LaTeX Font Info:    Font shape `TU/XBNiloofar(2)/m/n' will be
(Font)              scaled to size 15.69594pt on input line 39.
LaTeX Font Info:    Font shape `TU/XBNiloofar(2)/m/n' will be
(Font)              scaled to size 10.89996pt on input line 39.
LaTeX Font Info:    Font shape `TU/XBNiloofar(2)/m/n' will be
(Font)              scaled to size 7.62997pt on input line 39.
LaTeX Font Info:    Font shape `TU/XBNiloofar(2)/bx/n' in size <14.4> not avail
able
(Font)              Font shape `TU/XBNiloofar(2)/b/n' tried instead on input li
ne 39.
LaTeX Font Info:    Font shape `TU/XBNiloofar(2)/b/n' will be
(Font)              scaled to size 15.69594pt on input line 39.
LaTeX Font Info:    Font shape `TU/XBNiloofar(2)/bx/n' in size <10> not availab
le
(Font)              Font shape `TU/XBNiloofar(2)/b/n' tried instead on input li
ne 39.
LaTeX Font Info:    Font shape `TU/XBNiloofar(2)/b/n' will be
(Font)              scaled to size 10.89996pt on input line 39.
LaTeX Font Info:    Font shape `TU/XBNiloofar(2)/bx/n' in size <7> not availabl
e
(Font)              Font shape `TU/XBNiloofar(2)/b/n' tried instead on input li
ne 39.
LaTeX Font Info:    Font shape `TU/XBNiloofar(2)/b/n' will be
(Font)              scaled to size 7.62997pt on input line 39.
LaTeX Font Info:    Font shape `TU/XBNiloofar(2)/m/it' will be
(Font)              scaled to size 15.69594pt on input line 39.
LaTeX Font Info:    Font shape `TU/XBNiloofar(2)/m/it' will be
(Font)              scaled to size 10.89996pt on input line 39.
LaTeX Font Info:    Font shape `TU/XBNiloofar(2)/m/it' will be
(Font)              scaled to size 7.62997pt on input line 39.
)

[3



]
\openout2 = `front/template/declaration.aux'.

 (front/template/declaration.tex
LaTeX Font Info:    Font shape `TU/XBNiloofar(0)/m/n' will be
(Font)              scaled to size 11.93546pt on input line 11.
File: front/template/images/logo.pdf Graphic file (type pdf)
<use front/template/images/logo.pdf>






LaTeX Font Info:    Font shape `TU/XBNiloofar(1)/m/n' will be
(Font)              scaled to size 11.93546pt on input line 30.

Underfull \hbox (badness 10000) in paragraph at lines 37--40
[][]
 []


Underfull \hbox (badness 10000) in paragraph at lines 37--40
[][]
 []


Underfull \hbox (badness 10000) in paragraph at lines 37--40
[][]
 []


Underfull \hbox (badness 10000) in paragraph at lines 41--44
[][]
 []








Underfull \hbox (badness 10000) in paragraph at lines 50--53
[][]
 []


Underfull \hbox (badness 10000) in paragraph at lines 54--57
[][]
 []









[4



])
\openout2 = `front/acknowledge.aux'.

 (front/acknowledge.tex
Missing character: There is no ‫ in font [styles/fonts/XB Niloofar.ttf]/OT:scri
pt=latn;language=dflt;script=arab;mapping=persian-tex-text;!
Missing character: There is no ‫ in font [styles/fonts/XB Niloofar.ttf]/OT:scri
pt=latn;language=dflt;script=arab;mapping=persian-tex-text;!
Missing character: There is no ‫ in font [styles/fonts/XB Niloofar.ttf]/OT:scri
pt=latn;language=dflt;script=arab;mapping=persian-tex-text;!
Missing character: There is no ‫ in font [styles/fonts/XB Niloofar.ttf]/OT:scri
pt=latn;language=dflt;script=arab;mapping=persian-tex-text;!
Missing character: There is no ‫ in font [styles/fonts/XB Niloofar.ttf]/OT:scri
pt=latn;language=dflt;script=arab;mapping=persian-tex-text;!
Missing character: There is no ‫ in font [styles/fonts/XB Niloofar.ttf]/OT:scri
pt=latn;language=dflt;script=arab;mapping=persian-tex-text;!
)

[1



]
\openout2 = `front/abstract.aux'.

 (front/abstract.tex

[2



])
LaTeX Font Info:    Font shape `TU/XBNiloofar(0)/m/n' will be
(Font)              scaled to size 27.11911pt on input line 51.
LaTeX Font Info:    Font shape `TU/XBNiloofar(0)/b/n' will be
(Font)              scaled to size 27.11911pt on input line 51.
 (thesis.toc
LaTeX Font Info:    Font shape `TU/XBNiloofar(1)/b/n' will be
(Font)              scaled to size 13.07996pt on input line 1.
LaTeX Font Info:    Font shape `TU/XBNiloofar(2)/m/n' will be
(Font)              scaled to size 13.07996pt on input line 2.
LaTeX Font Info:    Font shape `TU/XBNiloofar(2)/m/n' will be
(Font)              scaled to size 8.71997pt on input line 2.
LaTeX Font Info:    Font shape `TU/XBNiloofar(2)/m/n' will be
(Font)              scaled to size 6.53998pt on input line 2.
LaTeX Font Info:    Font shape `TU/XBNiloofar(2)/bx/n' in size <12> not availab
le
(Font)              Font shape `TU/XBNiloofar(2)/b/n' tried instead on input li
ne 2.
LaTeX Font Info:    Font shape `TU/XBNiloofar(2)/b/n' will be
(Font)              scaled to size 13.07996pt on input line 2.
LaTeX Font Info:    Font shape `TU/XBNiloofar(2)/bx/n' in size <8> not availabl
e
(Font)              Font shape `TU/XBNiloofar(2)/b/n' tried instead on input li
ne 2.
LaTeX Font Info:    Font shape `TU/XBNiloofar(2)/b/n' will be
(Font)              scaled to size 8.71997pt on input line 2.
LaTeX Font Info:    Font shape `TU/XBNiloofar(2)/bx/n' in size <6> not availabl
e
(Font)              Font shape `TU/XBNiloofar(2)/b/n' tried instead on input li
ne 2.
LaTeX Font Info:    Font shape `TU/XBNiloofar(2)/b/n' will be
(Font)              scaled to size 6.53998pt on input line 2.
LaTeX Font Info:    Font shape `TU/XBNiloofar(2)/m/it' will be
(Font)              scaled to size 13.07996pt on input line 2.
LaTeX Font Info:    Font shape `TU/XBNiloofar(2)/m/it' will be
(Font)              scaled to size 8.71997pt on input line 2.
LaTeX Font Info:    Font shape `TU/XBNiloofar(2)/m/it' will be
(Font)              scaled to size 6.53998pt on input line 2.


[3



]

[4])
\tf@toc=\write4
\openout4 = `thesis.toc'.



[5] (thesis.lot)
\tf@lot=\write5
\openout5 = `thesis.lot'.



[6

] (thesis.lof)
\tf@lof=\write6
\openout6 = `thesis.lof'.



[7

]
\openout2 = `chapters/Introduction/introduction.aux'.

 (chapters/Introduction/introduction.tex
Missing character: There is no ‫ in font [styles/fonts/XB Niloofar.ttf]/OT:scri
pt=latn;language=dflt;script=arab;mapping=persian-tex-text;!
Missing character: There is no ‫ in font [styles/fonts/XB Niloofar.ttf]/OT:scri
pt=latn;language=dflt;script=arab;mapping=persian-tex-text;!


[1

]
فصل 1.
LaTeX Font Info:    Font shape `TU/XBNiloofar(1)/b/n' will be
(Font)              scaled to size 27.11911pt on input line 2.
Missing character: There is no ‫ in font [styles/fonts/XB Niloofar.ttf]/OT:scri
pt=latn;language=dflt;script=arab;mapping=persian-tex-text;!
Missing character: There is no ‫ in font [styles/fonts/XB Niloofar.ttf]/OT:scri
pt=latn;language=dflt;script=arab;mapping=persian-tex-text;!
Missing character: There is no ‫ in font [styles/fonts/XB Niloofar.ttf]/OT:scri
pt=latn;language=dflt;script=arab;mapping=persian-tex-text;!
Missing character: There is no ‫ in font [styles/fonts/XB Niloofar.ttf]/OT:scri
pt=latn;language=dflt;script=arab;mapping=persian-tex-text;!
Missing character: There is no ‫ in font [styles/fonts/XB Niloofar.ttf]/OT:scri
pt=latn;language=dflt;script=arab;mapping=persian-tex-text;!
Missing character: There is no ‫ in font [styles/fonts/XB Niloofar.ttf]/OT:scri
pt=latn;language=dflt;script=arab;mapping=persian-tex-text;!
Missing character: There is no ‫ in font [styles/fonts/XB Niloofar.ttf]/OT:scri
pt=latn;language=dflt;script=arab;mapping=persian-tex-text;!
LaTeX Font Info:    Font shape `TU/XBNiloofar(0)/m/n' will be
(Font)              scaled to size 18.83513pt on input line 9.
LaTeX Font Info:    Font shape `TU/XBNiloofar(0)/b/n' will be
(Font)              scaled to size 18.83513pt on input line 9.
LaTeX Font Info:    Font shape `TU/XBNiloofar(1)/b/n' will be
(Font)              scaled to size 18.83513pt on input line 9.
Missing character: There is no ‫ in font [styles/fonts/XB Niloofar.ttf]/OT:scri
pt=latn;language=dflt;script=arab;mapping=persian-tex-text;!
Missing character: There is no ‫ in font [styles/fonts/XB Niloofar.ttf]/OT:scri
pt=latn;language=dflt;script=arab;mapping=persian-tex-text;!
Missing character: There is no ‫ in font [styles/fonts/XB Niloofar.ttf]/OT:scri
pt=latn;language=dflt;script=arab;mapping=persian-tex-text;!
Missing character: There is no ‫ in font [styles/fonts/XB Niloofar.ttf]/OT:scri
pt=latn;language=dflt;script=arab;mapping=persian-tex-text;!
Missing character: There is no ‫ in font [styles/fonts/XB Niloofar.ttf]/OT:scri
pt=latn;language=dflt;script=arab;mapping=persian-tex-text;!
Missing character: There is no ‫ in font [styles/fonts/XB Niloofar.ttf]/OT:scri
pt=latn;language=dflt;script=arab;mapping=persian-tex-text;!
Missing character: There is no ‫ in font [styles/fonts/XB Niloofar.ttf]/OT:scri
pt=latn;language=dflt;script=arab;mapping=persian-tex-text;!
Missing character: There is no ‫ in font [styles/fonts/XB Niloofar.ttf]/OT:scri
pt=latn;language=dflt;script=arab;mapping=persian-tex-text;!
Missing character: There is no ‫ in font [styles/fonts/XB Niloofar.ttf]/OT:scri
pt=latn;language=dflt;script=arab;mapping=persian-tex-text;!
Missing character: There is no ‫ in font [styles/fonts/XB Niloofar.ttf]/OT:scri
pt=latn;language=dflt;script=arab;mapping=persian-tex-text;!
Missing character: There is no ‫ in font [styles/fonts/XB Niloofar.ttf]/OT:scri
pt=latn;language=dflt;script=arab;mapping=persian-tex-text;!
Missing character: There is no ‫ in font [styles/fonts/XB Niloofar.ttf]/OT:scri
pt=latn;language=dflt;script=arab;mapping=persian-tex-text;!
Missing character: There is no ‫ in font [styles/fonts/XB Niloofar.ttf]/OT:scri
pt=latn;language=dflt;script=arab;mapping=persian-tex-text;!
Missing character: There is no ‫ in font [styles/fonts/XB Niloofar.ttf]/OT:scri
pt=latn;language=dflt;script=arab;mapping=persian-tex-text;!
Missing character: There is no ‫ in font [styles/fonts/XB Niloofar.ttf]/OT:scri
pt=latn;language=dflt;script=arab;mapping=persian-tex-text;!
Missing character: There is no ‫ in font [styles/fonts/XB Niloofar.ttf]/OT:scri
pt=latn;language=dflt;script=arab;mapping=persian-tex-text;!
)

[2

]
\openout2 = `chapters/preliminaries/preliminaries.aux'.

 (chapters/preliminaries/preliminaries.tex
فصل 2.
(chapters/preliminaries/CDP.tex

LaTeX Warning: Citation `dwork2006differential' on page 3 undefined on input li
ne 4.

LaTeX Font Info:    Font shape `TU/XBNiloofar(1)/b/n' will be
(Font)              scaled to size 15.69594pt on input line 6.
LaTeX Font Info:    Font shape `TU/XBNiloofar(0)/m/n' will be
(Font)              scaled to size 8.71997pt on input line 9.
LaTeX Font Info:    Font shape `TU/XBNiloofar(1)/m/n' will be
(Font)              scaled to size 8.71997pt on input line 9.
LaTeX Font Info:    Font shape `TU/XBNiloofar(0)/m/n' will be
(Font)              scaled to size 10.89996pt on input line 9.
LaTeX Font Info:    Font shape `TU/XBNiloofar(2)/m/n' will be
(Font)              scaled to size 5.44998pt on input line 9.
LaTeX Font Info:    Font shape `TU/XBNiloofar(2)/bx/n' in size <5> not availabl
e
(Font)              Font shape `TU/XBNiloofar(2)/b/n' tried instead on input li
ne 9.
LaTeX Font Info:    Font shape `TU/XBNiloofar(2)/b/n' will be
(Font)              scaled to size 5.44998pt on input line 9.
LaTeX Font Info:    Font shape `TU/XBNiloofar(2)/m/it' will be
(Font)              scaled to size 5.44998pt on input line 9.
File: figs/CDP-model.jpg Graphic file (type bmp)
<figs/CDP-model.jpg>
LaTeX Font Info:    Font shape `TU/XBNiloofar(0)/b/n' will be
(Font)              scaled to size 11.93546pt on input line 15.
LaTeX Font Info:    Font shape `TU/XBNiloofar(1)/b/n' will be
(Font)              scaled to size 11.93546pt on input line 15.
LaTeX Font Info:    Font shape `TU/XBNiloofar(0)/m/it' will be
(Font)              scaled to size 13.07996pt on input line 21.


[3




]

[4]

LaTeX Font Warning: Command \small invalid in math mode on input line 61.


LaTeX Font Warning: Command \small invalid in math mode on input line 68.


LaTeX Font Warning: Command \small invalid in math mode on input line 76.


LaTeX Font Warning: Command \small invalid in math mode on input line 90.



[5]

LaTeX Font Warning: Command \small invalid in math mode on input line 93.


LaTeX Font Warning: Command \small invalid in math mode on input line 100.

) (chapters/preliminaries/f-div.tex
LaTeX Font Info:    Font shape `TU/XBNiloofar(2)/m/n' will be
(Font)              scaled to size 18.83513pt on input line 1.
LaTeX Font Info:    Font shape `TU/XBNiloofar(2)/bx/n' in size <17.28> not avai
lable
(Font)              Font shape `TU/XBNiloofar(2)/b/n' tried instead on input li
ne 1.
LaTeX Font Info:    Font shape `TU/XBNiloofar(2)/b/n' will be
(Font)              scaled to size 18.83513pt on input line 1.
LaTeX Font Info:    Font shape `TU/XBNiloofar(2)/m/it' will be
(Font)              scaled to size 18.83513pt on input line 1.


Package hyperref Warning: Token not allowed in a PDF string (Unicode):
(hyperref)                removing `math shift' on input line 1.


Package hyperref Warning: Token not allowed in a PDF string (Unicode):
(hyperref)                removing `math shift' on input line 1.


Package hyperref Warning: Token not allowed in a PDF string (Unicode):
(hyperref)                removing `math shift' on input line 8.


Package hyperref Warning: Token not allowed in a PDF string (Unicode):
(hyperref)                removing `math shift' on input line 8.


LaTeX Warning: Citation `csiszar1963information' on page 6 undefined on input l
ine 11.


LaTeX Warning: Citation `Ali1966Silvey' on page 6 undefined on input line 11.



[6]

Package hyperref Warning: Token not allowed in a PDF string (Unicode):
(hyperref)                removing `math shift' on input line 34.


Package hyperref Warning: Token not allowed in a PDF string (Unicode):
(hyperref)                removing `math shift' on input line 34.


LaTeX Font Warning: Command \small invalid in math mode on input line 41.


LaTeX Font Warning: Command \small invalid in math mode on input line 49.


LaTeX Font Warning: Command \small invalid in math mode on input line 57.



[7]

LaTeX Font Warning: Command \small invalid in math mode on input line 65.


Package hyperref Warning: Token not allowed in a PDF string (Unicode):
(hyperref)                removing `math shift' on input line 73.


Package hyperref Warning: Token not allowed in a PDF string (Unicode):
(hyperref)                removing `math shift' on input line 73.


LaTeX Warning: Reference `eq:ldp' on page 8 undefined on input line 84.

) (chapters/preliminaries/stat.tex

LaTeX Warning: Citation `duchi2013local' on page 8 undefined on input line 4.



[8]
LaTeX Font Info:    Trying to load font information for U+euf on input line 47.

 (C:\Users\Firoozeh\AppData\Local\Programs\MiKTeX\tex/latex/amsfonts\ueuf.fd
File: ueuf.fd 2013/01/14 v3.01 Euler Fraktur
)

LaTeX Warning: Citation `duchi2013local' on page 9 undefined on input line 55.



[9]

LaTeX Font Warning: Command \small invalid in math mode on input line 67.


LaTeX Font Warning: Command \small invalid in math mode on input line 68.



[10]

LaTeX Warning: Citation `duchi2013local' on page 11 undefined on input line 106
.

LaTeX Font Info:    Font shape `TU/XBNiloofar(1)/m/it' will be
(Font)              scaled to size 13.07996pt on input line 110.

LaTeX Warning: Citation `duchi2013local' on page 11 undefined on input line 130
.



[11]) (chapters/preliminaries/minimax.tex

LaTeX Warning: Citation `duchi2013local' on page 12 undefined on input line 5.



[12]

LaTeX Warning: Citation `duchi2013local' on page 13 undefined on input line 40.



LaTeX Warning: Citation `duchi2013local' on page 13 undefined on input line 67.




[13]))

[14]
\openout2 = `chapters/LDP.aux'.

 (chapters/LDP.tex
فصل 3.

LaTeX Font Warning: Command \small invalid in math mode on input line 11.


LaTeX Font Warning: Command \small invalid in math mode on input line 12.

File: figs/LDP-model.jpg Graphic file (type bmp)
<figs/LDP-model.jpg>


[15




]

[16]

LaTeX Warning: Citation `duchi' on page 17 undefined on input line 49.


LaTeX Warning: Citation `wang2020comprehensive' on page 17 undefined on input l
ine 65.


LaTeX Warning: Citation `duchi2013local' on page 17 undefined on input line 77.




[17]

LaTeX Font Warning: Command \small invalid in math mode on input line 101.


LaTeX Warning: Citation `warner1965randomized' on page 18 undefined on input li
ne 102.



[18]

LaTeX Font Warning: Command \small invalid in math mode on input line 112.


LaTeX Warning: Citation `warner1965randomized' on page 19 undefined on input li
ne 133.



[19]

LaTeX Warning: Citation `kairouz2014extremal' on page 20 undefined on input lin
e 152.

LaTeX Font Info:    Font shape `TU/XBNiloofar(0)/m/n' will be
(Font)              scaled to size 6.53998pt on input line 157.


[20]

LaTeX Warning: Citation `duchi2013local' on page 21 undefined on input line 176
.

)

[21]
\openout2 = `chapters/literature.aux'.

 (chapters/literature.tex
فصل 4.
)

[22




]
\openout2 = `chapters/results.aux'.

 (chapters/results.tex
فصل 5.
)

[23




]
\openout2 = `chapters/conclusions.aux'.

 (chapters/conclusions.tex
فصل 6.
)

[24




]
\openout2 = `bibs/bibs.aux'.

 (bibs/bibs.tex
No file thesis.bbl.
)
\openout2 = `front/dictionary.aux'.

 (front/dictionary.tex
LaTeX Font Info:    Font shape `TU/XBNiloofar(2)/m/n' will be
(Font)              scaled to size 11.93546pt on input line 10.
LaTeX Font Info:    Font shape `TU/XBNiloofar(2)/bx/n' in size <10.95> not avai
lable
(Font)              Font shape `TU/XBNiloofar(2)/b/n' tried instead on input li
ne 10.
LaTeX Font Info:    Font shape `TU/XBNiloofar(2)/b/n' will be
(Font)              scaled to size 11.93546pt on input line 10.
LaTeX Font Info:    Font shape `TU/XBNiloofar(2)/m/it' will be
(Font)              scaled to size 11.93546pt on input line 10.

Overfull \hbox (18.0pt too wide) in paragraph at lines 10--18
[][]$[]$[]
 []


Underfull \hbox (badness 10000) in paragraph at lines 10--18
[][]
 []


Overfull \hbox (18.0pt too wide) in paragraph at lines 19--24
[][]$[]$[]
 []


Underfull \hbox (badness 10000) in paragraph at lines 19--24
[][]
 []


Overfull \hbox (18.0pt too wide) in paragraph at lines 25--30
[][]$[]$[]
 []


Underfull \hbox (badness 10000) in paragraph at lines 25--30
[][]
 []


Overfull \hbox (18.0pt too wide) in paragraph at lines 31--38
[][]$[]$[]
 []


Underfull \hbox (badness 10000) in paragraph at lines 31--38
[][]
 []


Overfull \hbox (18.0pt too wide) in paragraph at lines 39--43
[][]$[]$[]
 []


Underfull \hbox (badness 10000) in paragraph at lines 39--43
[][]
 []


Overfull \hbox (18.0pt too wide) in paragraph at lines 44--47
[][]$[]$[]
 []


Underfull \hbox (badness 10000) in paragraph at lines 44--47
[][]
 []


Overfull \hbox (18.0pt too wide) in paragraph at lines 48--51
[][]$[]$[]
 []


Underfull \hbox (badness 10000) in paragraph at lines 48--51
[][]
 []


Overfull \hbox (18.0pt too wide) in paragraph at lines 52--58
[][]$[]$[]
 []


Underfull \hbox (badness 10000) in paragraph at lines 52--58
[][]
 []


Overfull \hbox (18.0pt too wide) in paragraph at lines 59--62
[][]$[]$[]
 []


Underfull \hbox (badness 10000) in paragraph at lines 59--62
[][]
 []







[25









]
Overfull \hbox (18.0pt too wide) in paragraph at lines 63--65
[][]$[]$[]
 []


Underfull \hbox (badness 10000) in paragraph at lines 63--65
[][]
 []


Overfull \hbox (18.0pt too wide) in paragraph at lines 66--69
[][]$[]$[]
 []


Underfull \hbox (badness 10000) in paragraph at lines 66--69
[][]
 []


Overfull \hbox (18.0pt too wide) in paragraph at lines 70--73
[][]$[]$[]
 []


Underfull \hbox (badness 10000) in paragraph at lines 70--73
[][]
 []


Overfull \hbox (18.0pt too wide) in paragraph at lines 74--76
[][]$[]$[]
 []


Underfull \hbox (badness 10000) in paragraph at lines 74--76
[][]
 []


Overfull \hbox (18.0pt too wide) in paragraph at lines 77--79
[][]$[]$[]
 []


Underfull \hbox (badness 10000) in paragraph at lines 77--79
[][]
 []


Overfull \hbox (18.0pt too wide) in paragraph at lines 80--83
[][]$[]$[]
 []


Underfull \hbox (badness 10000) in paragraph at lines 80--83
[][]
 []


Overfull \hbox (18.0pt too wide) in paragraph at lines 84--86
[][]$[]$[]
 []


Underfull \hbox (badness 10000) in paragraph at lines 84--86
[][]
 []


Overfull \hbox (18.0pt too wide) in paragraph at lines 87--91
[][]$[]$[]
 []


Underfull \hbox (badness 10000) in paragraph at lines 87--91
[][]
 []


Overfull \hbox (18.0pt too wide) in paragraph at lines 95--101
[][]$[]$[]
 []


Underfull \hbox (badness 10000) in paragraph at lines 95--101
[][]
 []


Overfull \hbox (18.0pt too wide) in paragraph at lines 102--107
[][]$[]$[]
 []


Underfull \hbox (badness 10000) in paragraph at lines 102--107
[][]
 []


Overfull \hbox (18.0pt too wide) in paragraph at lines 108--110
[][]$[]$[]
 []


Underfull \hbox (badness 10000) in paragraph at lines 108--110
[][]
 []


Overfull \hbox (18.0pt too wide) in paragraph at lines 111--113
[][]$[]$[]
 []


Underfull \hbox (badness 10000) in paragraph at lines 111--113
[][]
 []


Overfull \vbox (3.92294pt too high) has occurred while \output is active []









[26])
\openout2 = `chapters/appendix.aux'.

 (chapters/appendix.tex
پیوست آ.
)

[27




]
\openout2 = `front/abstract-eng.aux'.

 (front/abstract-eng.tex)

[28



]
\openout2 = `front/template/title-eng.aux'.

 (front/template/title-eng.tex
File: front/template/images/logo.pdf Graphic file (type pdf)
<use front/template/images/logo.pdf>
)

[29



] (thesis.aux (front/info.aux) (front/template/title.aux)
(front/template/besmellah.aux) (front/template/signatures.aux)
(front/template/declaration.aux) (front/acknowledge.aux) (front/abstract.aux)
(chapters/Introduction/introduction.aux)
(chapters/preliminaries/preliminaries.aux) (chapters/LDP.aux)
(chapters/literature.aux) (chapters/results.aux) (chapters/conclusions.aux)
(bibs/bibs.aux) (front/dictionary.aux) (chapters/appendix.aux)
(front/abstract-eng.aux) (front/template/title-eng.aux))
 ***********
LaTeX2e <2025-06-01> patch level 1
L3 programming layer <2025-09-02>
 ***********


LaTeX Warning: There were undefined references.


LaTeX Warning: There were multiply-defined labels.

Package rerunfilecheck Info: File `thesis.out' has not changed.
(rerunfilecheck)             Checksum: 1007FE519CC57E71EB844850D4212AE7;9430.
 ) 
Here is how much of TeX's memory you used:
 26350 strings out of 403246
 533863 string characters out of 5460160
 979741 words of memory out of 5000000
 54146 multiletter control sequences out of 15000+600000
 640476 words of font info for 174 fonts, out of 8000000 for 9000
 1348 hyphenation exceptions out of 8191
 93i,10n,120p,2297b,570s stack positions out of 10000i,1000n,20000p,200000b,200000s

Output written on thesis.pdf (40 pages).
