\BOOKMARK [0][-]{chapter.1}{\376\377\006\105\006\102\006\057\006\105\006\107}{}% 1
\BOOKMARK [1][-]{section.1.1}{\376\377\006\047\006\107\006\105\006\314\006\052\000\040\006\057\006\047\006\057\006\107\040\014\006\107\006\047\000\040\006\110\000\040\006\066\006\061\006\110\006\061\006\052\000\040\006\055\006\101\006\070\000\040\006\055\006\061\006\314\006\105\000\040\006\056\006\065\006\110\006\065\006\314}{chapter.1}% 2
\BOOKMARK [2][-]{subsection.1.1.1}{\376\377\006\105\006\055\006\061\006\105\006\047\006\106\006\257\006\314\000\040\006\052\006\101\006\047\006\066\006\104\006\314\000\040\000\050\000D\000P\000\051}{section.1.1}% 3
\BOOKMARK [2][-]{subsection.1.1.2}{\376\377\006\105\006\055\006\061\006\105\006\047\006\106\006\257\006\314\000\040\006\052\006\101\006\047\006\066\006\104\006\314\000\040\006\105\006\110\006\066\006\071\006\314\000\040\000\050\000L\000D\000P\000\051}{section.1.1}% 4
\BOOKMARK [1][-]{section.1.2}{\376\377\006\251\006\047\006\061\006\107\006\047\006\314\000\040\006\176\006\314\006\064\006\314\006\106\000\040\006\110\000\040\006\105\006\061\006\110\006\061\000\040\006\047\006\057\006\050\006\314\006\047\006\052}{chapter.1}% 5
\BOOKMARK [2][-]{subsection.1.2.1}{\376\377\006\042\006\072\006\047\006\062\006\257\006\061\006\107\006\047\000:\000\040\006\047\006\062\000\040\006\176\006\314\006\105\006\047\006\314\006\064\040\014\006\107\006\047\006\314\000\040\006\042\006\105\006\047\006\061\006\314\000\040\006\052\006\047\000\040\006\052\006\071\006\061\006\314\006\101\000\040\006\105\006\057\006\061\006\106\000\040\006\105\006\055\006\061\006\105\006\047\006\106\006\257\006\314}{section.1.2}% 6
\BOOKMARK [2][-]{subsection.1.2.2}{\376\377\006\057\006\063\006\052\006\107\040\014\006\050\006\106\006\057\006\314\000\040\006\176\006\061\006\110\006\052\006\251\006\104\040\014\006\107\006\047\006\314\000\040\006\105\006\110\006\066\006\071\006\314\000:\000\040\006\052\006\071\006\047\006\105\006\104\006\314\000\040\006\110\000\040\006\072\006\314\006\061\006\052\006\071\006\047\006\105\006\104\006\314}{section.1.2}% 7
\BOOKMARK [2][-]{subsection.1.2.3}{\376\377\006\206\006\047\006\104\006\064\000\040\006\063\006\110\006\057\006\105\006\106\006\057\006\314\000\040\006\110\000\040\006\105\006\110\006\047\006\062\006\106\006\107\000\040\006\057\006\102\006\052\000-\006\105\006\055\006\061\006\105\006\047\006\106\006\257\006\314}{section.1.2}% 8
\BOOKMARK [2][-]{subsection.1.2.4}{\376\377\006\106\006\257\006\047\006\107\006\314\000\040\006\042\006\105\006\047\006\061\006\314\000\040\006\050\006\107\000\040\000L\000D\000P\000:\000\040\006\206\006\047\006\061\006\206\006\110\006\050\000\040\006\105\006\314\006\106\006\314\040\014\006\105\006\251\006\063\000\040\006\110\000\040\006\055\006\057\006\110\006\057\000\040\006\050\006\106\006\314\006\047\006\057\006\314\006\106}{section.1.2}% 9
\BOOKMARK [1][-]{section.1.3}{\376\377\006\050\006\314\006\047\006\106\000\040\006\105\006\063\006\046\006\104\006\107\000\040\006\110\000\040\006\047\006\107\006\057\006\047\006\101\000\040\006\176\006\230\006\110\006\107\006\064}{chapter.1}% 10
\BOOKMARK [2][-]{subsection.1.3.1}{\376\377\006\061\006\110\006\314\006\251\006\061\006\057\000\040\006\052\006\055\006\104\006\314\006\104\000:\000\040\000f\000-\006\110\006\047\006\257\006\061\006\047\006\314\006\314\040\014\006\107\006\047\000\040\006\050\006\107\000\040\006\071\006\106\006\110\006\047\006\106\000\040\006\062\006\050\006\047\006\106\000\040\006\105\006\064\006\052\006\061\006\251}{section.1.3}% 11
\BOOKMARK [2][-]{subsection.1.3.2}{\376\377\006\061\006\110\006\314\006\251\006\061\006\057\000\040\006\052\006\055\006\104\006\314\006\104\000:\000\040\006\206\006\047\006\061\006\206\006\110\006\050\000\040\006\047\006\106\006\102\006\050\006\047\006\066\000\040\000f\000-\006\110\006\047\006\257\006\061\006\047\006\314\006\314\040\014\006\107\006\047}{section.1.3}% 12
\BOOKMARK [2][-]{subsection.1.3.3}{\376\377\006\047\006\107\006\057\006\047\006\101\000\040\006\110\000\040\006\063\006\047\006\056\006\052\006\047\006\061\000\040\006\176\006\230\006\110\006\107\006\064}{section.1.3}% 13
\BOOKMARK [1][-]{section.1.4}{\376\377\006\063\006\047\006\056\006\052\006\047\006\061\000\040\006\176\006\047\006\314\006\047\006\106\040\014\006\106\006\047\006\105\006\107}{chapter.1}% 14
\BOOKMARK [0][-]{chapter.2}{\376\377\006\176\006\314\006\064\040\014\006\106\006\314\006\047\006\062\006\107\006\047}{}% 15
\BOOKMARK [1][-]{section.2.1}{\376\377\006\105\006\055\006\061\006\105\006\047\006\106\006\257\006\314\000\040\006\052\006\101\006\047\006\066\006\104\006\314\000\040\006\105\006\052\006\105\006\061\006\251\006\062\000\040\000\050\000C\000D\000P\000\051}{chapter.2}% 16
\BOOKMARK [2][-]{subsection.2.1.1}{\376\377\006\105\006\057\006\104\000\040\006\047\006\071\006\052\006\105\006\047\006\057\000\040\006\110\000\040\006\052\006\071\006\061\006\314\006\101\000\040\006\061\006\063\006\105\006\314}{section.2.1}% 17
\BOOKMARK [2][-]{subsection.2.1.2}{\376\377\006\052\006\101\006\063\006\314\006\061\000\040\006\176\006\047\006\061\006\047\006\105\006\052\006\061\006\107\006\047\006\314\000\040\006\105\006\055\006\061\006\105\006\047\006\106\006\257\006\314}{section.2.1}% 18
\BOOKMARK [2][-]{subsection.2.1.3}{\376\377\006\052\006\071\006\047\006\061\006\314\006\101\000\040\006\105\006\071\006\047\006\057\006\104\000\040\006\110\000\040\006\065\006\110\006\061\006\052\040\014\006\050\006\106\006\057\006\314\040\014\006\107\006\047\006\314\000\040\006\054\006\047\006\314\006\257\006\062\006\314\006\106}{section.2.1}% 19
\BOOKMARK [2][-]{subsection.2.1.4}{\376\377\006\105\006\251\006\047\006\106\006\314\006\062\006\105\040\014\006\107\006\047\006\314\000\040\006\176\006\047\006\314\006\107}{section.2.1}% 20
\BOOKMARK [2][-]{subsection.2.1.5}{\376\377\006\105\006\251\006\047\006\106\006\314\006\062\006\105\040\014\006\107\006\047\006\314\000\040\006\050\006\106\006\314\006\047\006\057\006\314\000\040\006\105\006\055\006\061\006\105\006\047\006\106\006\257\006\314\000\040\006\052\006\101\006\047\006\066\006\104\006\314}{section.2.1}% 21
\BOOKMARK [2][-]{subsection.2.1.6}{\376\377\006\052\006\061\006\251\006\314\006\050\040\014\006\176\006\060\006\314\006\061\006\314}{section.2.1}% 22
\BOOKMARK [2][-]{subsection.2.1.7}{\376\377\006\105\006\055\006\061\006\105\006\047\006\106\006\257\006\314\000\040\006\257\006\061\006\110\006\107\006\314}{section.2.1}% 23
\BOOKMARK [2][-]{subsection.2.1.8}{\376\377\006\105\006\055\006\057\006\110\006\057\006\314\006\052\000\040\006\105\006\057\006\104\000\040\006\105\006\052\006\105\006\061\006\251\006\062}{section.2.1}% 24
\BOOKMARK [1][-]{section.2.2}{\376\377\000f\000-\006\110\006\047\006\257\006\061\006\047\006\314\006\314\040\014\006\107\006\047}{chapter.2}% 25
\BOOKMARK [2][-]{subsection.2.2.1}{\376\377\006\052\006\071\006\061\006\314\006\101\000\040\006\061\006\063\006\105\006\314\000\040\006\057\006\061\000\040\006\101\006\066\006\047\006\314\000\040\006\047\006\106\006\057\006\047\006\062\006\107\040\014\006\176\006\060\006\314\006\061}{section.2.2}% 26
\BOOKMARK [2][-]{subsection.2.2.2}{\376\377\006\052\006\071\006\061\006\314\006\101\000\040\000f\000-\006\110\006\047\006\257\006\061\006\047\006\314\006\314}{section.2.2}% 27
\BOOKMARK [2][-]{subsection.2.2.3}{\376\377\006\106\006\105\006\110\006\106\006\107\040\014\006\107\006\047\006\314\000\040\006\105\006\107\006\105\000\040\006\110\000\040\006\052\006\110\006\047\006\050\006\071\000\040\006\105\006\110\006\104\006\057}{section.2.2}% 28
\BOOKMARK [2][-]{subsection.2.2.4}{\376\377\006\056\006\110\006\047\006\065\000\040\006\050\006\106\006\314\006\047\006\057\006\314\006\106\000\040\006\110\000\040\006\061\006\110\006\047\006\050\006\067\000\040\006\050\006\314\006\106\000\040\000f\000-\006\110\006\047\006\257\006\061\006\047\006\314\006\314\040\014\006\107\006\047}{section.2.2}% 29
\BOOKMARK [1][-]{section.2.3}{\376\377\006\105\006\050\006\047\006\106\006\314\000\040\006\042\006\105\006\047\006\061\006\314\000\040\006\110\000\040\006\251\006\061\006\047\006\106\040\014\006\107\006\047\006\314\000\040\006\047\006\067\006\104\006\047\006\071\006\047\006\052\006\314}{chapter.2}% 30
\BOOKMARK [2][-]{subsection.2.3.1}{\376\377\006\106\006\070\006\061\006\314\006\107\000\040\006\052\006\065\006\105\006\314\006\105\000\040\006\110\000\040\006\061\006\314\006\063\006\251\000\040\006\105\006\314\006\106\006\314\040\014\006\105\006\251\006\063}{section.2.3}% 31
\BOOKMARK [2][-]{subsection.2.3.2}{\376\377\006\052\006\102\006\104\006\314\006\104\000\040\006\050\006\107\000\040\006\042\006\062\006\105\006\110\006\106\000\040\006\101\006\061\006\066\000\040\000\050\006\061\006\110\006\064\000\040\006\050\006\063\006\052\006\107\040\014\006\050\006\106\006\057\006\314\000\051}{section.2.3}% 32
\BOOKMARK [2][-]{subsection.2.3.3}{\376\377\006\106\006\047\006\105\006\063\006\047\006\110\006\314\040\014\006\107\006\047\006\314\000\040\006\251\006\061\006\047\006\106\000\040\006\176\006\047\006\314\006\314\006\106}{section.2.3}% 33
\BOOKMARK [0][-]{chapter.3}{\376\377\006\105\006\055\006\061\006\105\006\047\006\106\006\257\006\314\000\040\006\052\006\101\006\047\006\066\006\104\006\314\000\040\006\105\006\110\006\066\006\071\006\314}{}% 34
\BOOKMARK [1][-]{section.3.1}{\376\377\006\105\006\102\006\057\006\105\006\107}{chapter.3}% 35
\BOOKMARK [1][-]{section.3.2}{\376\377\006\052\006\071\006\047\006\061\006\314\006\101\000\040\006\061\006\063\006\105\006\314\000\040\006\110\000\040\006\105\006\057\006\104\040\014\006\107\006\047\006\314\000\040\006\105\006\055\006\047\006\063\006\050\006\047\006\052\006\314}{chapter.3}% 36
\BOOKMARK [2][-]{subsection.3.2.1}{\376\377\006\052\006\071\006\061\006\314\006\101\000\040\006\061\006\314\006\047\006\066\006\314\000\040\000L\000D\000P}{section.3.2}% 37
\BOOKMARK [2][-]{subsection.3.2.2}{\376\377\006\105\006\055\006\061\006\105\006\047\006\106\006\257\006\314\000\040\006\052\006\102\006\061\006\314\006\050\006\314}{section.3.2}% 38
\BOOKMARK [1][-]{section.3.3}{\376\377\006\176\006\061\006\110\006\052\006\251\006\104\040\014\006\107\006\047\006\314\000\040\006\052\006\071\006\047\006\105\006\104\006\314\000\040\006\110\000\040\006\056\006\110\006\047\006\065\000\040\006\052\006\061\006\251\006\314\006\050}{chapter.3}% 39
\BOOKMARK [2][-]{subsection.3.3.1}{\376\377\006\176\006\061\006\110\006\052\006\251\006\104\040\014\006\107\006\047\006\314\000\040\006\072\006\314\006\061\006\052\006\071\006\047\006\105\006\104\006\314}{section.3.3}% 40
\BOOKMARK [2][-]{subsection.3.3.2}{\376\377\006\176\006\061\006\110\006\052\006\251\006\104\040\014\006\107\006\047\006\314\000\040\006\052\006\071\006\047\006\105\006\104\006\314\000\040\000\050\006\052\006\061\006\052\006\314\006\050\006\314\000\051}{section.3.3}% 41
\BOOKMARK [2][-]{subsection.3.3.3}{\376\377\006\102\006\066\006\314\006\107\000\040\006\052\006\061\006\251\006\314\006\050\000\040\006\052\006\061\006\052\006\314\006\050\006\314}{section.3.3}% 42
\BOOKMARK [1][-]{section.3.4}{\376\377\006\105\006\251\006\047\006\106\006\314\006\062\006\105\040\014\006\107\006\047\006\314\000\040\006\176\006\047\006\314\006\107\000\040\006\057\006\061\000\040\000L\000D\000P}{chapter.3}% 43
\BOOKMARK [2][-]{subsection.3.4.1}{\376\377\006\176\006\047\006\063\006\056\000\040\006\052\006\065\006\047\006\057\006\101\006\314\000\040\006\057\006\110\006\057\006\110\006\314\006\314\000\040\000\050\000R\000R\000\051}{section.3.4}% 44
\BOOKMARK [2][-]{subsection.3.4.2}{\376\377\006\176\006\047\006\063\006\056\000\040\006\052\006\065\006\047\006\057\006\101\006\314\000\040\006\052\006\071\006\105\006\314\006\105\040\014\006\314\006\047\006\101\006\052\006\107\000\040\000\050\000G\000R\000R\000\051}{section.3.4}% 45
\BOOKMARK [2][-]{subsection.3.4.3}{\376\377\006\105\006\251\006\047\006\106\006\314\006\062\006\105\040\014\006\107\006\047\006\314\000\040\006\105\006\050\006\052\006\106\006\314\000\040\006\050\006\061\000\040\006\251\006\057\006\257\006\060\006\047\006\061\006\314\000\040\006\314\006\251\006\047\006\106\006\314\000\040\000\050\000U\000E\000\051}{section.3.4}% 46
\BOOKMARK [2][-]{subsection.3.4.4}{\376\377\006\052\006\055\006\104\006\314\006\104\000\040\006\105\006\102\006\047\006\314\006\063\006\107\040\014\006\047\006\314\000:\000\040\006\206\006\061\006\047\000\040\000G\000R\000R\000\040\006\057\006\061\000\040\006\047\006\050\006\071\006\047\006\057\000\040\006\050\006\047\006\104\006\047\000\040\006\064\006\251\006\063\006\052\000\040\006\105\006\314\040\014\006\056\006\110\006\061\006\057\006\037}{section.3.4}% 47
\BOOKMARK [2][-]{subsection.3.4.5}{\376\377\006\105\006\251\006\047\006\106\006\314\006\062\006\105\000\040\006\104\006\047\006\176\006\104\006\047\006\063\000\040\006\105\006\110\006\066\006\071\006\314}{section.3.4}% 48
\BOOKMARK [2][-]{subsection.3.4.6}{\376\377\006\105\006\251\006\047\006\106\006\314\006\062\006\105\000\040\006\052\006\056\006\105\006\314\006\106\000\040\006\105\006\314\006\047\006\106\006\257\006\314\006\106\000\040\006\057\006\110\006\206\006\314\000\040\000\050\006\361\000-\006\050\006\314\006\052\006\314\000\051}{section.3.4}% 49
\BOOKMARK [1][-]{section.3.5}{\376\377\006\206\006\047\006\104\006\064\000\040\006\063\006\110\006\057\006\105\006\106\006\057\006\314\000\040\006\110\000\040\006\107\006\062\006\314\006\106\006\107\000\040\006\071\006\057\006\105\000\040\006\047\006\071\006\052\006\105\006\047\006\057}{chapter.3}% 50
\BOOKMARK [2][-]{subsection.3.5.1}{\376\377\006\052\006\071\006\061\006\314\006\101\000\040\006\105\006\063\006\046\006\104\006\107\000:\000\040\006\052\006\056\006\105\006\314\006\106\000\040\006\105\006\314\006\047\006\106\006\257\006\314\006\106\000\040\006\057\006\110\006\057\006\110\006\314\006\314}{section.3.5}% 51
\BOOKMARK [2][-]{subsection.3.5.2}{\376\377\006\052\006\055\006\104\006\314\006\104\000\040\006\057\006\061\000\040\006\105\006\057\006\104\000\040\006\105\006\052\006\105\006\061\006\251\006\062\000\040\000\050\000C\000D\000P\000\051}{section.3.5}% 52
\BOOKMARK [2][-]{subsection.3.5.3}{\376\377\006\052\006\055\006\104\006\314\006\104\000\040\006\057\006\061\000\040\006\105\006\057\006\104\000\040\006\105\006\110\006\066\006\071\006\314\000\040\000\050\000L\000D\000P\000\051}{section.3.5}% 53
\BOOKMARK [2][-]{subsection.3.5.4}{\376\377\006\106\006\052\006\314\006\054\006\107\040\014\006\257\006\314\006\061\006\314\000:\000\040\006\064\006\251\006\047\006\101\000\040\006\251\006\047\006\061\006\047\006\314\006\314}{section.3.5}% 54
\BOOKMARK [0][-]{chapter.4}{\376\377\006\052\006\055\006\104\006\314\006\104\000\040\006\105\006\314\006\106\006\314\040\014\006\105\006\251\006\063\000\040\006\110\000\040\006\107\006\106\006\057\006\063\006\107\000\040\006\047\006\067\006\104\006\047\006\071\006\047\006\052\006\314\000\040\006\057\006\061\000\040\000L\000D\000P}{}% 55
\BOOKMARK [1][-]{section.4.1}{\376\377\006\105\006\102\006\057\006\105\006\107}{chapter.4}% 56
\BOOKMARK [1][-]{section.4.2}{\376\377\006\105\006\055\006\061\006\105\006\047\006\106\006\257\006\314\000\040\006\050\006\107\000\040\006\071\006\106\006\110\006\047\006\106\000\040\006\047\006\106\006\102\006\050\006\047\006\066}{chapter.4}% 57
\BOOKMARK [2][-]{subsection.4.2.1}{\376\377\006\052\006\101\006\063\006\314\006\061\000\040\006\061\006\230\006\314\006\105\040\014\006\107\006\047\006\314\000\040\006\105\006\055\006\061\006\105\006\047\006\106\006\257\006\314}{section.4.2}% 58
\BOOKMARK [2][-]{subsection.4.2.2}{\376\377\006\052\006\071\006\105\006\314\006\105\000\040\006\050\006\107\000\040\000n\000\040\006\251\006\047\006\061\006\050\006\061\000\040\006\105\006\063\006\052\006\102\006\104\000\040\000\050\006\056\006\047\006\065\006\314\006\052\000\040\006\052\006\106\006\063\006\110\006\061\006\314\000\040\006\064\006\057\006\106\000\051}{section.4.2}% 59
\BOOKMARK [1][-]{section.4.3}{\376\377\006\106\006\047\006\105\006\063\006\047\006\110\006\314\040\014\006\107\006\047\006\314\000\040\006\176\006\061\006\057\006\047\006\062\006\064\000\040\006\057\006\047\006\057\006\107\000\040\006\102\006\110\006\314\000\040\000\050\000S\000D\000P\000I\000\051}{chapter.4}% 60
\BOOKMARK [2][-]{subsection.4.3.1}{\376\377\006\251\006\061\006\047\006\106\000\040\006\047\006\106\006\102\006\050\006\047\006\066\000\040\006\050\006\061\006\047\006\314\000\040\006\110\006\047\006\257\006\061\006\047\006\314\006\314\000\040\0002\000\040\000\050\0002\000\051}{section.4.3}% 61
\BOOKMARK [2][-]{subsection.4.3.2}{\376\377\006\105\006\062\006\314\006\052\040\014\006\107\006\047\006\314\000\040\006\052\006\055\006\104\006\314\006\104\006\314\000\040\006\110\006\047\006\257\006\061\006\047\006\314\006\314\000\040\0002\000\040\006\106\006\063\006\050\006\052\000\040\006\050\006\107\000\040\000K\000L}{section.4.3}% 62
\BOOKMARK [2][-]{subsection.4.3.3}{\376\377\006\052\006\106\006\063\006\110\006\061\006\314\000\040\006\064\006\057\006\106\000\040\006\110\006\047\006\257\006\061\006\047\006\314\006\314\000\040\0002\000\040\006\050\006\061\006\047\006\314\000\040\000n\000\040\006\251\006\047\006\061\006\050\006\061}{section.4.3}% 63
\BOOKMARK [1][-]{section.4.4}{\376\377\006\047\006\053\006\050\006\047\006\052\000\040\006\106\006\061\006\056\000\040\006\105\006\314\006\106\006\314\040\014\006\105\006\251\006\063\000\040\006\050\006\061\006\047\006\314\000\040\006\052\006\056\006\105\006\314\006\106\000\040\006\105\006\314\006\047\006\106\006\257\006\314\006\106}{chapter.4}% 64
\BOOKMARK [2][-]{subsection.4.4.1}{\376\377\006\052\006\071\006\061\006\314\006\101\000\040\006\105\006\063\006\046\006\104\006\107}{section.4.4}% 65
\BOOKMARK [2][-]{subsection.4.4.2}{\376\377\006\050\006\055\006\053\000\040\006\110\000\040\006\052\006\101\006\063\006\314\006\061}{section.4.4}% 66
\BOOKMARK [0][-]{chapter.5}{\376\377\006\107\006\105\040\014\006\047\006\061\006\062\006\314\000\040\006\105\006\055\006\061\006\105\006\047\006\106\006\257\006\314\000\040\006\052\006\101\006\047\006\066\006\104\006\314\000\040\006\105\006\110\006\066\006\071\006\314\000\040\006\110\000\040\006\047\006\106\006\102\006\050\006\047\006\066\000\040\000f\000-\006\110\006\047\006\257\006\061\006\047\006\314\006\314\040\014\006\107\006\047}{}% 67
\BOOKMARK [1][-]{section.5.1}{\376\377\006\105\006\102\006\057\006\105\006\107}{chapter.5}% 68
\BOOKMARK [1][-]{section.5.2}{\376\377\006\066\006\061\006\314\006\050\000\040\006\047\006\106\006\102\006\050\006\047\006\066\000\040\006\110\000\040\006\052\006\055\006\104\006\314\006\104\000\040\006\107\006\106\006\057\006\063\006\314}{chapter.5}% 69
\BOOKMARK [2][-]{subsection.5.2.1}{\376\377\006\251\006\061\006\047\006\106\040\014\006\107\006\047\006\314\000\040\006\071\006\105\006\110\006\105\006\314\000\040\006\047\006\106\006\102\006\050\006\047\006\066\000\040\006\050\006\061\006\047\006\314\000\040\000f\000-\006\110\006\047\006\257\006\061\006\047\006\314\006\314\040\014\006\107\006\047\000\040\000\050\006\104\006\105\000\040\006\361\000\040\006\110\000\040\006\362\000\051}{section.5.2}% 70
\BOOKMARK [0][-]{chapter.6}{\376\377\006\106\006\052\006\314\006\054\006\107\040\014\006\257\006\314\006\061\006\314\000\040\006\110\000\040\006\176\006\314\006\064\006\106\006\107\006\047\006\057\006\107\006\047}{}% 71
\BOOKMARK [1][-]{section.6.1}{\376\377\006\054\006\105\006\071\040\014\006\050\006\106\006\057\006\314\000\040\006\110\000\040\006\057\006\063\006\052\006\047\006\110\006\061\006\057\006\107\006\047\006\314\000\040\006\047\006\065\006\104\006\314}{chapter.6}% 72
\BOOKMARK [2][-]{subsection.6.1.1}{\376\377\006\057\006\063\006\052\006\047\006\110\006\061\006\057\006\107\006\047\006\314\000\040\006\047\006\065\006\104\006\314\000\040\006\176\006\230\006\110\006\107\006\064}{section.6.1}% 73
\BOOKMARK [1][-]{section.6.2}{\376\377\006\176\006\314\006\064\006\106\006\107\006\047\006\057\006\107\006\047\006\314\006\314\000\040\006\050\006\061\006\047\006\314\000\040\006\052\006\055\006\102\006\314\006\102\006\047\006\052\000\040\006\042\006\052\006\314}{chapter.6}% 74
\BOOKMARK [2][-]{subsection.6.2.1}{\376\377\006\052\006\055\006\104\006\314\006\104\000\040\006\047\006\106\006\102\006\050\006\047\006\066\000\040\006\057\006\061\000\040\006\105\006\057\006\104\000\040\006\064\006\047\006\101\006\104}{section.6.2}% 75
\BOOKMARK [2][-]{subsection.6.2.2}{\376\377\006\047\006\061\006\052\006\050\006\047\006\067\000\040\006\050\006\047\000\040\006\105\006\055\006\061\006\105\006\047\006\106\006\257\006\314\000\040\006\052\006\101\006\047\006\066\006\104\006\314\000\040\006\061\006\106\006\314}{section.6.2}% 76
\BOOKMARK [2][-]{subsection.6.2.3}{\376\377\006\052\006\056\006\105\006\314\006\106\040\014\006\257\006\061\006\107\006\047\006\314\000\040\006\052\006\067\006\050\006\314\006\102\006\314}{section.6.2}% 77
\BOOKMARK [2][-]{subsection.6.2.4}{\376\377\006\052\006\071\006\105\006\314\006\105\000\040\006\050\006\107\000\040\006\057\006\047\006\057\006\107\040\014\006\107\006\047\006\314\000\040\006\110\006\047\006\050\006\063\006\052\006\107}{section.6.2}% 78
\BOOKMARK [0][-]{section*.21}{\376\377\006\105\006\061\006\047\006\054\006\071}{}% 79
\BOOKMARK [0][-]{section*.22}{\376\377\006\110\006\047\006\230\006\107\040\014\006\106\006\047\006\105\006\107}{}% 80
